Instance name,  X location,  Y location,  Voltage 
input7, 145.54, 157.76, 0.000745397
FILLER_0_54_305, 145.54, 157.76, 0.000745397
FILLER_0_54_315, 145.54, 157.76, 0.000745397
FILLER_0_52_305, 145.54, 152.32, 0.000754982
FILLER_0_48_301, 145.54, 141.44, 0.000737012
FILLER_0_46_304, 145.54, 136, 0.000740008
FILLER_0_44_305, 145.54, 130.56, 0.000729476
FILLER_0_42_301, 145.54, 125.12, 0.000722987
FILLER_0_36_305, 145.54, 108.8, 0.000668534
FILLER_0_34_305, 145.54, 103.36, 0.000671128
FILLER_0_32_303, 145.54, 97.92, 0.000673952
FILLER_0_30_300, 145.54, 92.48, 0.000636139
FILLER_0_28_303, 145.54, 87.04, 0.000656128
FILLER_0_26_301, 145.54, 81.6, 0.0006864
hold5, 145.54, 76.16, 0.000712846
_0684_, 145.54, 70.72, 0.000734449
FILLER_0_22_302, 145.54, 70.72, 0.000734449
_0685_, 145.54, 65.28, 0.000740822
FILLER_0_19_294, 145.54, 65.28, 0.000740822
FILLER_0_20_309, 145.54, 65.28, 0.000740822
hold130, 145.54, 59.84, 0.000801488
FILLER_0_18_305, 145.54, 59.84, 0.000801488
FILLER_0_16_297, 145.54, 54.4, 0.000785229
FILLER_0_16_305, 145.54, 54.4, 0.000785229
FILLER_0_12_299, 145.54, 43.52, 0.000824482
FILLER_0_10_301, 145.54, 38.08, 0.000810844
FILLER_0_8_302, 145.54, 32.64, 0.000828371
FILLER_0_6_298, 145.54, 27.2, 0.000849266
FILLER_0_4_297, 145.54, 21.76, 0.000859109
FILLER_0_4_305, 145.54, 21.76, 0.000859109
FILLER_0_2_298, 145.54, 16.32, 0.000829975
input2, 145.54, 10.88, 0.000846116
FILLER_0_0_303, 145.54, 10.88, 0.000846116
hold87, 115.54, 157.76, 0.0007672
FILLER_0_54_249, 115.54, 157.76, 0.0007672
_0829_, 115.54, 152.32, 0.000802983
_0922_, 115.54, 152.32, 0.000802983
_0923_, 115.54, 152.32, 0.000802983
hold115, 115.54, 152.32, 0.000802983
FILLER_0_51_234, 115.54, 152.32, 0.000802983
FILLER_0_52_240, 115.54, 152.32, 0.000802983
FILLER_0_53_243, 115.54, 152.32, 0.000802983
_0558_, 115.54, 146.88, 0.000791014
_0828_, 115.54, 146.88, 0.000791014
_1044_, 115.54, 146.88, 0.000791014
FILLER_0_50_229, 115.54, 146.88, 0.000791014
_0534_, 115.54, 141.44, 0.000772969
_0562_, 115.54, 141.44, 0.000772969
FILLER_0_47_232, 115.54, 141.44, 0.000772969
FILLER_0_48_247, 115.54, 141.44, 0.000772969
FILLER_0_49_245, 115.54, 141.44, 0.000772969
_0538_, 115.54, 136, 0.000775336
_0561_, 115.54, 136, 0.000775336
_0755_, 115.54, 136, 0.000775336
FILLER_0_45_236, 115.54, 136, 0.000775336
FILLER_0_46_243, 115.54, 136, 0.000775336
_0536_, 115.54, 130.56, 0.000765853
_0560_, 115.54, 130.56, 0.000765853
_0791_, 115.54, 130.56, 0.000765853
FILLER_0_44_238, 115.54, 130.56, 0.000765853
FILLER_0_44_246, 115.54, 130.56, 0.000765853
FILLER_0_42_241, 115.54, 125.12, 0.000736776
FILLER_0_42_249, 115.54, 125.12, 0.000736776
_0522_, 115.54, 119.68, 0.000752892
_0924_, 115.54, 119.68, 0.000752892
_1087_, 115.54, 119.68, 0.000752892
hold41, 115.54, 119.68, 0.000752892
FILLER_0_40_229, 115.54, 119.68, 0.000752892
_0511_, 115.54, 114.24, 0.000723925
_0835_, 115.54, 114.24, 0.000723925
_0925_, 115.54, 114.24, 0.000723925
FILLER_0_37_237, 115.54, 114.24, 0.000723925
FILLER_0_38_232, 115.54, 114.24, 0.000723925
FILLER_0_38_240, 115.54, 114.24, 0.000723925
_0517_, 115.54, 108.8, 0.000664269
wire1, 115.54, 108.8, 0.000664269
FILLER_0_35_231, 115.54, 108.8, 0.000664269
FILLER_0_35_239, 115.54, 108.8, 0.000664269
FILLER_0_36_241, 115.54, 108.8, 0.000664269
FILLER_0_36_249, 115.54, 108.8, 0.000664269
_0498_, 115.54, 103.36, 0.000697507
_0508_, 115.54, 103.36, 0.000697507
_0509_, 115.54, 103.36, 0.000697507
_0510_, 115.54, 103.36, 0.000697507
_0515_, 115.54, 103.36, 0.000697507
FILLER_0_34_240, 115.54, 103.36, 0.000697507
_0493_, 115.54, 97.92, 0.000674252
_0516_, 115.54, 97.92, 0.000674252
max_cap24, 115.54, 97.92, 0.000674252
_0618_, 115.54, 92.48, 0.000612549
FILLER_0_31_249, 115.54, 92.48, 0.000612549
_0483_, 115.54, 87.04, 0.000673292
_0490_, 115.54, 87.04, 0.000673292
_0619_, 115.54, 87.04, 0.000673292
_0630_, 115.54, 87.04, 0.000673292
FILLER_0_27_234, 115.54, 87.04, 0.000673292
FILLER_0_28_249, 115.54, 87.04, 0.000673292
_0484_, 115.54, 81.6, 0.000707926
_0634_, 115.54, 81.6, 0.000707926
_0638_, 115.54, 81.6, 0.000707926
_0639_, 115.54, 81.6, 0.000707926
max_cap29, 115.54, 81.6, 0.000707926
FILLER_0_25_237, 115.54, 81.6, 0.000707926
_0485_, 115.54, 76.16, 0.000719363
_0632_, 115.54, 76.16, 0.000719363
_0635_, 115.54, 76.16, 0.000719363
FILLER_0_22_245, 115.54, 70.72, 0.000726261
hold102, 115.54, 65.28, 0.000746576
FILLER_0_20_245, 115.54, 65.28, 0.000746576
FILLER_0_21_249, 115.54, 65.28, 0.000746576
_0530_, 115.54, 59.84, 0.000843658
_0531_, 115.54, 59.84, 0.000843658
_0668_, 115.54, 59.84, 0.000843658
_0722_, 115.54, 59.84, 0.000843658
_0968_, 115.54, 59.84, 0.000843658
hold18, 115.54, 59.84, 0.000843658
FILLER_0_16_246, 115.54, 54.4, 0.000823444
_0496_, 115.54, 48.96, 0.000817981
hold99, 115.54, 48.96, 0.000817981
FILLER_0_14_244, 115.54, 48.96, 0.000817981
FILLER_0_15_249, 115.54, 48.96, 0.000817981
_0497_, 115.54, 43.52, 0.00089899
_0814_, 115.54, 43.52, 0.00089899
_0815_, 115.54, 43.52, 0.00089899
hold133, 115.54, 38.08, 0.000841039
FILLER_0_10_245, 115.54, 38.08, 0.000841039
_0554_, 115.54, 32.64, 0.000861294
hold138, 115.54, 32.64, 0.000861294
FILLER_0_8_248, 115.54, 32.64, 0.000861294
_0662_, 115.54, 27.2, 0.000906227
_0717_, 115.54, 27.2, 0.000906227
_0718_, 115.54, 27.2, 0.000906227
_0996_, 115.54, 27.2, 0.000906227
_1036_, 115.54, 27.2, 0.000906227
FILLER_0_5_234, 115.54, 27.2, 0.000906227
FILLER_0_4_245, 115.54, 21.76, 0.000880145
FILLER_0_2_248, 115.54, 16.32, 0.000853366
output12, 115.54, 10.88, 0.000861262
output20, 85.54, 157.76, 0.000783613
FILLER_0_53_169, 85.54, 157.76, 0.000783613
FILLER_0_54_165, 85.54, 157.76, 0.000783613
_0865_, 85.54, 152.32, 0.000817065
_0868_, 85.54, 152.32, 0.000817065
_0869_, 85.54, 152.32, 0.000817065
_1060_, 85.54, 152.32, 0.000817065
FILLER_0_51_169, 85.54, 152.32, 0.000817065
FILLER_0_52_165, 85.54, 152.32, 0.000817065
_1062_, 85.54, 146.88, 0.000802363
FILLER_0_49_169, 85.54, 146.88, 0.000802363
_0850_, 85.54, 141.44, 0.000792041
_0851_, 85.54, 141.44, 0.000792041
_1052_, 85.54, 141.44, 0.000792041
FILLER_0_47_165, 85.54, 141.44, 0.000792041
FILLER_0_47_169, 85.54, 141.44, 0.000792041
FILLER_0_49_177, 85.54, 141.44, 0.000792041
_0608_, 85.54, 136, 0.000781922
_0783_, 85.54, 136, 0.000781922
_0847_, 85.54, 136, 0.000781922
_1054_, 85.54, 136, 0.000781922
clkbuf_4_14_0_clk, 85.54, 130.56, 0.000780339
FILLER_0_44_168, 85.54, 130.56, 0.000780339
FILLER_0_44_183, 85.54, 130.56, 0.000780339
_0870_, 85.54, 125.12, 0.000754438
FILLER_0_41_164, 85.54, 125.12, 0.000754438
FILLER_0_41_169, 85.54, 125.12, 0.000754438
FILLER_0_42_173, 85.54, 125.12, 0.000754438
_0859_, 85.54, 119.68, 0.000752205
_0871_, 85.54, 119.68, 0.000752205
_1055_, 85.54, 119.68, 0.000752205
_1063_, 85.54, 119.68, 0.000752205
FILLER_0_39_169, 85.54, 119.68, 0.000752205
FILLER_0_40_167, 85.54, 119.68, 0.000752205
_0853_, 85.54, 114.24, 0.000714848
clkbuf_4_12_0_clk, 85.54, 114.24, 0.000714848
_0836_, 85.54, 108.8, 0.000634539
_0837_, 85.54, 108.8, 0.000634539
_0926_, 85.54, 108.8, 0.000634539
_0687_, 85.54, 103.36, 0.000638524
_0908_, 85.54, 103.36, 0.000638524
_0909_, 85.54, 103.36, 0.000638524
_0927_, 85.54, 103.36, 0.000638524
_0873_, 85.54, 97.92, 0.00057089
_0944_, 85.54, 97.92, 0.00057089
FILLER_0_32_182, 85.54, 97.92, 0.00057089
_0891_, 85.54, 92.48, 0.000525219
_0945_, 85.54, 92.48, 0.000525219
_0686_, 85.54, 87.04, 0.000640107
_0707_, 85.54, 87.04, 0.000640107
max_cap25, 85.54, 87.04, 0.000640107
FILLER_0_28_177, 85.54, 87.04, 0.000640107
_0688_, 85.54, 81.6, 0.000635151
_0689_, 85.54, 81.6, 0.000635151
_0725_, 85.54, 81.6, 0.000635151
FILLER_0_25_165, 85.54, 81.6, 0.000635151
FILLER_0_26_179, 85.54, 81.6, 0.000635151
_0526_, 85.54, 76.16, 0.000675382
_0615_, 85.54, 76.16, 0.000675382
_0616_, 85.54, 76.16, 0.000675382
FILLER_0_23_169, 85.54, 76.16, 0.000675382
FILLER_0_24_174, 85.54, 76.16, 0.000675382
_0617_, 85.54, 70.72, 0.000722972
_0974_, 85.54, 70.72, 0.000722972
FILLER_0_23_181, 85.54, 70.72, 0.000722972
_0676_, 85.54, 65.28, 0.000737218
_0904_, 85.54, 65.28, 0.000737218
_0886_, 85.54, 59.84, 0.000835035
_0887_, 85.54, 59.84, 0.000835035
_1070_, 85.54, 59.84, 0.000835035
hold12, 85.54, 59.84, 0.000835035
hold51, 85.54, 59.84, 0.000835035
FILLER_0_18_165, 85.54, 59.84, 0.000835035
_0888_, 85.54, 48.96, 0.000828549
hold76, 85.54, 48.96, 0.000828549
FILLER_0_13_164, 85.54, 48.96, 0.000828549
_0906_, 85.54, 43.52, 0.00093549
_0907_, 85.54, 43.52, 0.00093549
_1071_, 85.54, 43.52, 0.00093549
_1079_, 85.54, 43.52, 0.00093549
clkbuf_4_4_0_clk, 85.54, 43.52, 0.00093549
_0556_, 85.54, 38.08, 0.000872682
_0882_, 85.54, 38.08, 0.000872682
hold65, 85.54, 38.08, 0.000872682
FILLER_0_7_169, 85.54, 32.64, 0.000866016
FILLER_0_8_177, 85.54, 32.64, 0.000866016
_0773_, 85.54, 27.2, 0.000909216
_1004_, 85.54, 27.2, 0.000909216
FILLER_0_6_181, 85.54, 27.2, 0.000909216
FILLER_0_7_177, 85.54, 27.2, 0.000909216
_0612_, 85.54, 21.76, 0.000908958
_0613_, 85.54, 21.76, 0.000908958
hold93, 85.54, 21.76, 0.000908958
_0976_, 85.54, 16.32, 0.000908716
hold2, 85.54, 16.32, 0.000908716
output22, 85.54, 10.88, 0.000872711
FILLER_0_0_165, 85.54, 10.88, 0.000872711
_0867_, 55.54, 157.76, 0.000789861
FILLER_0_53_104, 55.54, 157.76, 0.000789861
FILLER_0_54_109, 55.54, 157.76, 0.000789861
FILLER_0_54_113, 55.54, 157.76, 0.000789861
_0866_, 55.54, 152.32, 0.000834721
_0911_, 55.54, 152.32, 0.000834721
_1061_, 55.54, 152.32, 0.000834721
FILLER_0_51_103, 55.54, 152.32, 0.000834721
_0546_, 55.54, 146.88, 0.000812122
_0910_, 55.54, 146.88, 0.000812122
hold52, 55.54, 146.88, 0.000812122
FILLER_0_50_105, 55.54, 146.88, 0.000812122
_0550_, 55.54, 141.44, 0.000827798
_0606_, 55.54, 141.44, 0.000827798
_0820_, 55.54, 141.44, 0.000827798
_0821_, 55.54, 141.44, 0.000827798
FILLER_0_47_100, 55.54, 141.44, 0.000827798
_0793_, 55.54, 136, 0.000796275
FILLER_0_45_105, 55.54, 136, 0.000796275
FILLER_0_46_109, 55.54, 136, 0.000796275
FILLER_0_47_113, 55.54, 136, 0.000796275
_0570_, 55.54, 130.56, 0.000797076
_0916_, 55.54, 130.56, 0.000797076
hold126, 55.54, 130.56, 0.000797076
FILLER_0_43_107, 55.54, 130.56, 0.000797076
_1051_, 55.54, 125.12, 0.00082012
clkbuf_4_11_0_clk, 55.54, 125.12, 0.00082012
hold29, 55.54, 125.12, 0.00082012
FILLER_0_42_116, 55.54, 125.12, 0.00082012
_0571_, 55.54, 119.68, 0.000782899
_0574_, 55.54, 119.68, 0.000782899
_0594_, 55.54, 114.24, 0.000767547
_0598_, 55.54, 114.24, 0.000767547
FILLER_0_38_109, 55.54, 114.24, 0.000767547
hold55, 55.54, 108.8, 0.000708562
FILLER_0_35_108, 55.54, 108.8, 0.000708562
_0583_, 55.54, 103.36, 0.000768623
_1050_, 55.54, 103.36, 0.000768623
clkbuf_4_9_0_clk, 55.54, 103.36, 0.000768623
hold25, 55.54, 103.36, 0.000768623
FILLER_0_34_110, 55.54, 103.36, 0.000768623
_0582_, 55.54, 97.92, 0.000670311
_0586_, 55.54, 97.92, 0.000670311
_1026_, 55.54, 97.92, 0.000670311
FILLER_0_31_105, 55.54, 97.92, 0.000670311
FILLER_0_32_115, 55.54, 97.92, 0.000670311
FILLER_0_33_113, 55.54, 97.92, 0.000670311
hold20, 55.54, 92.48, 0.000647059
FILLER_0_29_107, 55.54, 92.48, 0.000647059
_0542_, 55.54, 87.04, 0.000721632
_0810_, 55.54, 87.04, 0.000721632
hold72, 55.54, 87.04, 0.000721632
FILLER_0_27_108, 55.54, 87.04, 0.000721632
FILLER_0_28_98, 55.54, 87.04, 0.000721632
FILLER_0_28_116, 55.54, 87.04, 0.000721632
FILLER_0_29_113, 55.54, 87.04, 0.000721632
_0543_, 55.54, 81.6, 0.000722742
_0551_, 55.54, 81.6, 0.000722742
_0719_, 55.54, 81.6, 0.000722742
hold127, 55.54, 81.6, 0.000722742
FILLER_0_25_108, 55.54, 81.6, 0.000722742
FILLER_0_27_118, 55.54, 81.6, 0.000722742
_0664_, 55.54, 76.16, 0.000757982
_0701_, 55.54, 76.16, 0.000757982
hold82, 55.54, 76.16, 0.000757982
FILLER_0_23_107, 55.54, 76.16, 0.000757982
FILLER_0_25_113, 55.54, 76.16, 0.000757982
_0981_, 55.54, 70.72, 0.000791884
hold14, 55.54, 70.72, 0.000791884
FILLER_0_21_107, 55.54, 70.72, 0.000791884
FILLER_0_22_109, 55.54, 70.72, 0.000791884
FILLER_0_23_113, 55.54, 70.72, 0.000791884
_0553_, 55.54, 65.28, 0.000829645
_0566_, 55.54, 65.28, 0.000829645
clkbuf_4_3_0_clk, 55.54, 65.28, 0.000829645
FILLER_0_21_113, 55.54, 65.28, 0.000829645
_0567_, 55.54, 59.84, 0.00086834
_0575_, 55.54, 59.84, 0.00086834
_0577_, 55.54, 59.84, 0.00086834
FILLER_0_18_116, 55.54, 59.84, 0.00086834
_0658_, 55.54, 54.4, 0.000876116
_0659_, 55.54, 54.4, 0.000876116
hold10, 55.54, 54.4, 0.000876116
hold89, 55.54, 54.4, 0.000876116
FILLER_0_15_103, 55.54, 54.4, 0.000876116
FILLER_0_17_113, 55.54, 54.4, 0.000876116
clkbuf_4_1_0_clk, 55.54, 48.96, 0.00090213
FILLER_0_13_98, 55.54, 48.96, 0.00090213
_0590_, 55.54, 43.52, 0.000922736
_0591_, 55.54, 43.52, 0.000922736
hold94, 55.54, 43.52, 0.000922736
FILLER_0_11_106, 55.54, 43.52, 0.000922736
_0653_, 55.54, 38.08, 0.000905977
_0712_, 55.54, 38.08, 0.000905977
_0963_, 55.54, 38.08, 0.000905977
_0993_, 55.54, 38.08, 0.000905977
FILLER_0_9_105, 55.54, 38.08, 0.000905977
FILLER_0_10_109, 55.54, 38.08, 0.000905977
_0578_, 55.54, 32.64, 0.00089804
hold107, 55.54, 32.64, 0.00089804
_0579_, 55.54, 27.2, 0.000925342
_0587_, 55.54, 27.2, 0.000925342
_0713_, 55.54, 27.2, 0.000925342
FILLER_0_5_104, 55.54, 27.2, 0.000925342
_0589_, 55.54, 21.76, 0.000933144
hold134, 55.54, 21.76, 0.000933144
FILLER_0_3_105, 55.54, 21.76, 0.000933144
FILLER_0_4_106, 55.54, 21.76, 0.000933144
_0986_, 55.54, 16.32, 0.000946085
hold139, 55.54, 16.32, 0.000946085
FILLER_0_1_105, 55.54, 16.32, 0.000946085
FILLER_0_2_114, 55.54, 16.32, 0.000946085
FILLER_0_3_113, 55.54, 16.32, 0.000946085
output17, 55.54, 10.88, 0.000904658
FILLER_0_54_53, 25.54, 157.76, 0.000793518
_0929_, 25.54, 152.32, 0.00082385
_1088_, 25.54, 152.32, 0.00082385
FILLER_0_52_41, 25.54, 152.32, 0.00082385
FILLER_0_53_51, 25.54, 152.32, 0.00082385
FILLER_0_49_39, 25.54, 146.88, 0.000798079
_1008_, 25.54, 141.44, 0.000837232
hold124, 25.54, 141.44, 0.000837232
FILLER_0_48_41, 25.54, 141.44, 0.000837232
_0757_, 25.54, 136, 0.000809553
_0938_, 25.54, 136, 0.000809553
_0939_, 25.54, 136, 0.000809553
FILLER_0_46_49, 25.54, 136, 0.000809553
hold59, 25.54, 130.56, 0.000790127
FILLER_0_45_51, 25.54, 130.56, 0.000790127
_0934_, 25.54, 125.12, 0.00081553
_1011_, 25.54, 125.12, 0.00081553
FILLER_0_43_49, 25.54, 125.12, 0.00081553
_0753_, 25.54, 119.68, 0.000809591
_0930_, 25.54, 119.68, 0.000809591
FILLER_0_39_35, 25.54, 119.68, 0.000809591
FILLER_0_41_44, 25.54, 119.68, 0.000809591
FILLER_0_41_50, 25.54, 119.68, 0.000809591
_0931_, 25.54, 114.24, 0.000797658
_1009_, 25.54, 114.24, 0.000797658
hold60, 25.54, 114.24, 0.000797658
FILLER_0_38_37, 25.54, 114.24, 0.000797658
_0749_, 25.54, 108.8, 0.000756555
FILLER_0_35_39, 25.54, 108.8, 0.000756555
FILLER_0_37_49, 25.54, 108.8, 0.000756555
_0932_, 25.54, 103.36, 0.000812376
_0933_, 25.54, 103.36, 0.000812376
_1010_, 25.54, 103.36, 0.000812376
hold31, 25.54, 103.36, 0.000812376
FILLER_0_33_36, 25.54, 103.36, 0.000812376
_0751_, 25.54, 97.92, 0.000710296
FILLER_0_32_41, 25.54, 97.92, 0.000710296
_0544_, 25.54, 92.48, 0.000731113
hold48, 25.54, 92.48, 0.000731113
FILLER_0_29_43, 25.54, 92.48, 0.000731113
FILLER_0_31_49, 25.54, 92.48, 0.000731113
_0775_, 25.54, 87.04, 0.000755134
_1021_, 25.54, 87.04, 0.000755134
FILLER_0_27_39, 25.54, 87.04, 0.000755134
FILLER_0_28_41, 25.54, 87.04, 0.000755134
_0604_, 25.54, 81.6, 0.000767333
_0739_, 25.54, 81.6, 0.000767333
hold110, 25.54, 81.6, 0.000767333
FILLER_0_27_47, 25.54, 81.6, 0.000767333
FILLER_0_27_53, 25.54, 81.6, 0.000767333
_0729_, 25.54, 76.16, 0.000823835
_1016_, 25.54, 76.16, 0.000823835
FILLER_0_24_41, 25.54, 76.16, 0.000823835
FILLER_0_25_49, 25.54, 76.16, 0.000823835
_0765_, 25.54, 70.72, 0.000803146
_0569_, 25.54, 65.28, 0.000871757
_0735_, 25.54, 65.28, 0.000871757
_1003_, 25.54, 65.28, 0.000871757
hold112, 25.54, 65.28, 0.000871757
FILLER_0_19_34, 25.54, 65.28, 0.000871757
FILLER_0_21_45, 25.54, 65.28, 0.000871757
FILLER_0_21_53, 25.54, 65.28, 0.000871757
_1019_, 25.54, 59.84, 0.00089435
_0771_, 25.54, 54.4, 0.000901033
_0876_, 25.54, 54.4, 0.000901033
hold30, 25.54, 54.4, 0.000901033
FILLER_0_16_39, 25.54, 54.4, 0.000901033
FILLER_0_17_44, 25.54, 54.4, 0.000901033
FILLER_0_17_51, 25.54, 54.4, 0.000901033
_0592_, 25.54, 48.96, 0.000904174
FILLER_0_15_49, 25.54, 48.96, 0.000904174
_0580_, 25.54, 43.52, 0.000952656
_0731_, 25.54, 43.52, 0.000952656
_0767_, 25.54, 43.52, 0.000952656
_1017_, 25.54, 43.52, 0.000952656
FILLER_0_12_40, 25.54, 43.52, 0.000952656
FILLER_0_13_45, 25.54, 43.52, 0.000952656
FILLER_0_13_53, 25.54, 43.52, 0.000952656
FILLER_0_10_53, 25.54, 38.08, 0.000890276
FILLER_0_11_46, 25.54, 38.08, 0.000890276
_0769_, 25.54, 32.64, 0.000905756
FILLER_0_7_39, 25.54, 32.64, 0.000905756
FILLER_0_9_51, 25.54, 32.64, 0.000905756
_0732_, 25.54, 27.2, 0.000917758
_0733_, 25.54, 27.2, 0.000917758
_1002_, 25.54, 27.2, 0.000917758
FILLER_0_6_41, 25.54, 27.2, 0.000917758
FILLER_0_5_51, 25.54, 21.76, 0.000904638
FILLER_0_3_51, 25.54, 16.32, 0.000910753
output14, 25.54, 10.88, 0.000921698
FILLER_0_0_49, 25.54, 10.88, 0.000921698
FILLER_0_1_51, 25.54, 10.88, 0.000921698
PHY_106, 5.52, 157.76, 0.000797284
PHY_108, 5.52, 157.76, 0.000797284
input10, 5.52, 157.76, 0.000797284
PHY_107, 156.4, 157.76, 0.000745397
PHY_109, 156.4, 157.76, 0.000745397
FILLER_0_53_317, 156.4, 157.76, 0.000745397
FILLER_0_54_19, 15.53, 157.76, 0.000795401
input5, 35.54, 157.76, 0.000799193
hold131, 35.54, 157.76, 0.000799193
FILLER_0_53_57, 35.54, 157.76, 0.000799193
FILLER_0_54_57, 35.54, 157.76, 0.000799193
input6, 65.54, 157.76, 0.00079392
hold64, 65.54, 157.76, 0.00079392
_0864_, 95.54, 157.76, 0.000787257
hold105, 95.54, 157.76, 0.000787257
_0941_, 105.54, 157.76, 0.000778736
FILLER_0_53_214, 105.54, 157.76, 0.000778736
FILLER_0_54_221, 105.54, 157.76, 0.000778736
output21, 125.54, 157.76, 0.000765007
FILLER_0_54_271, 125.54, 157.76, 0.000765007
PHY_102, 5.52, 152.32, 0.00082385
PHY_104, 5.52, 152.32, 0.00082385
PHY_103, 156.4, 152.32, 0.000754982
PHY_105, 156.4, 152.32, 0.000754982
FILLER_0_51_317, 156.4, 152.32, 0.000754982
FILLER_0_52_321, 156.4, 152.32, 0.000754982
_0928_, 35.54, 152.32, 0.000846712
_1085_, 35.54, 152.32, 0.000846712
_0920_, 45.54, 152.32, 0.000846568
hold98, 45.54, 152.32, 0.000846568
FILLER_0_53_96, 45.54, 152.32, 0.000846568
_0857_, 65.54, 152.32, 0.000863771
_1056_, 65.54, 152.32, 0.000863771
_1080_, 65.54, 152.32, 0.000863771
hold108, 65.54, 152.32, 0.000863771
FILLER_0_51_130, 65.54, 152.32, 0.000863771
hold71, 75.54, 152.32, 0.000844244
hold96, 95.54, 152.32, 0.00083484
FILLER_0_52_192, 95.54, 152.32, 0.00083484
FILLER_0_52_197, 95.54, 152.32, 0.00083484
FILLER_0_52_205, 95.54, 152.32, 0.00083484
FILLER_0_53_205, 95.54, 152.32, 0.00083484
_0919_, 105.54, 152.32, 0.000845216
_0940_, 105.54, 152.32, 0.000845216
_1084_, 105.54, 152.32, 0.000845216
_1094_, 105.54, 152.32, 0.000845216
hold111, 105.54, 152.32, 0.000845216
_1086_, 125.54, 152.32, 0.000804548
hold54, 125.54, 152.32, 0.000804548
FILLER_0_53_270, 125.54, 152.32, 0.000804548
FILLER_0_51_277, 135.54, 152.32, 0.000779765
PHY_98, 5.52, 146.88, 0.000802324
PHY_100, 5.52, 146.88, 0.000802324
input1, 5.52, 146.88, 0.000802324
PHY_99, 156.4, 146.88, 0.000749948
PHY_101, 156.4, 146.88, 0.000749948
FILLER_0_49_317, 156.4, 146.88, 0.000749948
FILLER_0_50_321, 156.4, 146.88, 0.000749948
_0747_, 35.54, 146.88, 0.000810723
_0921_, 35.54, 146.88, 0.000810723
FILLER_0_51_66, 35.54, 146.88, 0.000810723
_0831_, 45.54, 146.88, 0.000816709
hold95, 45.54, 146.88, 0.000816709
FILLER_0_50_81, 45.54, 146.88, 0.000816709
FILLER_0_50_85, 45.54, 146.88, 0.000816709
_0547_, 65.54, 146.88, 0.000836941
_0856_, 65.54, 146.88, 0.000836941
_1053_, 65.54, 146.88, 0.000836941
FILLER_0_50_135, 65.54, 146.88, 0.000836941
FILLER_0_50_141, 65.54, 146.88, 0.000836941
_0838_, 75.54, 146.88, 0.00083653
_0839_, 75.54, 146.88, 0.00083653
_1048_, 75.54, 146.88, 0.00083653
hold23, 75.54, 146.88, 0.00083653
FILLER_0_51_161, 75.54, 146.88, 0.00083653
_0535_, 95.54, 146.88, 0.00081385
hold45, 95.54, 146.88, 0.00081385
FILLER_0_50_206, 95.54, 146.88, 0.00081385
FILLER_0_51_203, 95.54, 146.88, 0.00081385
_0918_, 105.54, 146.88, 0.000815561
_0937_, 105.54, 146.88, 0.000815561
_1092_, 105.54, 146.88, 0.000815561
FILLER_0_51_221, 105.54, 146.88, 0.000815561
_0832_, 125.54, 146.88, 0.000793644
_1046_, 125.54, 146.88, 0.000793644
_0833_, 135.54, 146.88, 0.000773393
FILLER_0_49_276, 135.54, 146.88, 0.000773393
PHY_94, 5.52, 141.44, 0.000837232
PHY_96, 5.52, 141.44, 0.000837232
PHY_95, 156.4, 141.44, 0.000737012
PHY_97, 156.4, 141.44, 0.000737012
FILLER_0_47_317, 156.4, 141.44, 0.000737012
FILLER_0_48_321, 156.4, 141.44, 0.000737012
_0746_, 35.54, 141.44, 0.000875547
_1013_, 35.54, 141.44, 0.000875547
_1045_, 35.54, 141.44, 0.000875547
hold128, 35.54, 141.44, 0.000875547
_0609_, 45.54, 141.44, 0.000865166
_0830_, 45.54, 141.44, 0.000865166
_1040_, 45.54, 141.44, 0.000865166
FILLER_0_48_81, 45.54, 141.44, 0.000865166
FILLER_0_48_94, 45.54, 141.44, 0.000865166
FILLER_0_49_90, 45.54, 141.44, 0.000865166
_0548_, 65.54, 141.44, 0.00083496
_0848_, 65.54, 141.44, 0.00083496
_0849_, 65.54, 141.44, 0.00083496
hold46, 65.54, 141.44, 0.00083496
_0607_, 75.54, 141.44, 0.000822383
_0610_, 75.54, 141.44, 0.000822383
FILLER_0_49_160, 75.54, 141.44, 0.000822383
_0559_, 95.54, 141.44, 0.000799337
_0846_, 95.54, 141.44, 0.000799337
hold79, 95.54, 141.44, 0.000799337
FILLER_0_48_193, 95.54, 141.44, 0.000799337
_0936_, 105.54, 141.44, 0.000792034
hold92, 105.54, 141.44, 0.000792034
hold15, 125.54, 141.44, 0.000765909
FILLER_0_47_274, 135.54, 141.44, 0.00075146
PHY_90, 5.52, 136, 0.00082857
PHY_92, 5.52, 136, 0.00082857
PHY_91, 156.4, 136, 0.000740008
PHY_93, 156.4, 136, 0.000740008
FILLER_0_45_317, 156.4, 136, 0.000740008
FILLER_0_46_321, 156.4, 136, 0.000740008
_1093_, 15.53, 136, 0.00082857
FILLER_0_46_29, 15.53, 136, 0.00082857
FILLER_0_47_27, 15.53, 136, 0.00082857
_0549_, 35.54, 136, 0.000815424
_0756_, 35.54, 136, 0.000815424
hold125, 35.54, 136, 0.000815424
_0792_, 65.54, 136, 0.000820998
_1029_, 65.54, 136, 0.000820998
hold37, 65.54, 136, 0.000820998
FILLER_0_46_137, 65.54, 136, 0.000820998
_1024_, 75.54, 136, 0.000814614
hold49, 75.54, 136, 0.000814614
FILLER_0_45_147, 75.54, 136, 0.000814614
FILLER_0_46_149, 75.54, 136, 0.000814614
FILLER_0_45_193, 95.54, 136, 0.000786386
FILLER_0_46_187, 95.54, 136, 0.000786386
_0537_, 105.54, 136, 0.000790851
_0754_, 105.54, 136, 0.000790851
_0758_, 105.54, 136, 0.000790851
hold113, 105.54, 136, 0.000790851
FILLER_0_47_218, 105.54, 136, 0.000790851
_0794_, 125.54, 136, 0.000786125
_1030_, 125.54, 136, 0.000786125
hold32, 125.54, 136, 0.000786125
FILLER_0_46_253, 125.54, 136, 0.000786125
_0666_, 135.54, 136, 0.00076596
_0795_, 135.54, 136, 0.00076596
FILLER_0_45_276, 135.54, 136, 0.00076596
PHY_86, 5.52, 130.56, 0.000790127
PHY_88, 5.52, 130.56, 0.000790127
PHY_87, 156.4, 130.56, 0.000729476
PHY_89, 156.4, 130.56, 0.000729476
FILLER_0_43_317, 156.4, 130.56, 0.000729476
FILLER_0_44_321, 156.4, 130.56, 0.000729476
_0827_, 45.54, 130.56, 0.000814212
_1043_, 45.54, 130.56, 0.000814212
hold26, 45.54, 130.56, 0.000814212
FILLER_0_44_77, 45.54, 130.56, 0.000814212
FILLER_0_45_93, 45.54, 130.56, 0.000814212
_0788_, 65.54, 130.56, 0.000815749
_0789_, 65.54, 130.56, 0.000815749
_1027_, 65.54, 130.56, 0.000815749
hold38, 65.54, 130.56, 0.000815749
_0782_, 75.54, 130.56, 0.000800408
FILLER_0_44_149, 75.54, 130.56, 0.000800408
_0660_, 95.54, 130.56, 0.000801086
_0759_, 95.54, 130.56, 0.000801086
_1014_, 95.54, 130.56, 0.000801086
FILLER_0_43_193, 95.54, 130.56, 0.000801086
_1012_, 105.54, 130.56, 0.000796666
hold103, 105.54, 130.56, 0.000796666
_0790_, 125.54, 130.56, 0.000774197
_1028_, 125.54, 130.56, 0.000774197
hold62, 125.54, 130.56, 0.000774197
PHY_82, 5.52, 125.12, 0.000818509
PHY_84, 5.52, 125.12, 0.000818509
PHY_83, 156.4, 125.12, 0.000742549
PHY_85, 156.4, 125.12, 0.000742549
output19, 156.4, 125.12, 0.000742549
FILLER_0_41_317, 156.4, 125.12, 0.000742549
_0935_, 15.53, 125.12, 0.000818509
_0573_, 35.54, 125.12, 0.000849584
_0752_, 35.54, 125.12, 0.000849584
_1083_, 35.54, 125.12, 0.000849584
hold121, 35.54, 125.12, 0.000849584
FILLER_0_41_64, 35.54, 125.12, 0.000849584
FILLER_0_43_69, 35.54, 125.12, 0.000849584
_0826_, 45.54, 125.12, 0.000849351
_0863_, 45.54, 125.12, 0.000849351
_0917_, 45.54, 125.12, 0.000849351
_1059_, 45.54, 125.12, 0.000849351
FILLER_0_41_86, 45.54, 125.12, 0.000849351
FILLER_0_42_80, 45.54, 125.12, 0.000849351
FILLER_0_42_85, 45.54, 125.12, 0.000849351
_0844_, 65.54, 125.12, 0.000810733
_0845_, 65.54, 125.12, 0.000810733
hold22, 65.54, 125.12, 0.000810733
FILLER_0_42_135, 65.54, 125.12, 0.000810733
hold21, 75.54, 125.12, 0.000786317
_0852_, 95.54, 125.12, 0.000797116
clkbuf_4_15_0_clk, 95.54, 125.12, 0.000797116
hold16, 95.54, 125.12, 0.000797116
hold44, 95.54, 125.12, 0.000797116
_0942_, 105.54, 125.12, 0.000769062
FILLER_0_43_219, 105.54, 125.12, 0.000769062
hold50, 125.54, 125.12, 0.000737161
FILLER_0_41_275, 135.54, 125.12, 0.000730074
PHY_78, 5.52, 119.68, 0.000834185
PHY_80, 5.52, 119.68, 0.000834185
input9, 5.52, 119.68, 0.000834185
PHY_79, 156.4, 119.68, 0.00071278
PHY_81, 156.4, 119.68, 0.00071278
FILLER_0_39_317, 156.4, 119.68, 0.00071278
FILLER_0_40_321, 156.4, 119.68, 0.00071278
_1091_, 15.53, 119.68, 0.000831178
FILLER_0_40_21, 15.53, 119.68, 0.000831178
clkbuf_4_10_0_clk, 35.54, 119.68, 0.000843424
FILLER_0_41_72, 35.54, 119.68, 0.000843424
_0823_, 45.54, 119.68, 0.000820465
_0862_, 45.54, 119.68, 0.000820465
hold73, 45.54, 119.68, 0.000820465
FILLER_0_40_85, 45.54, 119.68, 0.000820465
_0572_, 65.54, 119.68, 0.000794335
_0596_, 65.54, 119.68, 0.000794335
FILLER_0_40_131, 65.54, 119.68, 0.000794335
FILLER_0_41_139, 65.54, 119.68, 0.000794335
_1049_, 75.54, 119.68, 0.000796052
_1057_, 75.54, 119.68, 0.000796052
hold11, 75.54, 119.68, 0.000796052
_0514_, 95.54, 119.68, 0.000773754
_0943_, 95.54, 119.68, 0.000773754
_1095_, 95.54, 119.68, 0.000773754
FILLER_0_40_189, 95.54, 119.68, 0.000773754
FILLER_0_40_197, 95.54, 119.68, 0.000773754
_0760_, 105.54, 119.68, 0.000771106
_0761_, 105.54, 119.68, 0.000771106
hold27, 105.54, 119.68, 0.000771106
FILLER_0_41_221, 105.54, 119.68, 0.000771106
_0796_, 125.54, 119.68, 0.000759169
_0834_, 125.54, 119.68, 0.000759169
_1047_, 125.54, 119.68, 0.000759169
_0797_, 135.54, 119.68, 0.000737705
PHY_74, 5.52, 114.24, 0.000797658
PHY_76, 5.52, 114.24, 0.000797658
PHY_75, 156.4, 114.24, 0.000695737
PHY_77, 156.4, 114.24, 0.000695737
FILLER_0_37_317, 156.4, 114.24, 0.000695737
FILLER_0_38_321, 156.4, 114.24, 0.000695737
FILLER_0_38_29, 15.53, 114.24, 0.000797658
FILLER_0_39_27, 15.53, 114.24, 0.000797658
_0748_, 35.54, 114.24, 0.000826091
_1041_, 35.54, 114.24, 0.000826091
_1081_, 35.54, 114.24, 0.000826091
hold122, 35.54, 114.24, 0.000826091
FILLER_0_38_65, 35.54, 114.24, 0.000826091
FILLER_0_39_69, 35.54, 114.24, 0.000826091
_0822_, 45.54, 114.24, 0.000804921
_0912_, 45.54, 114.24, 0.000804921
hold70, 45.54, 114.24, 0.000804921
_0784_, 65.54, 114.24, 0.000780292
_0785_, 65.54, 114.24, 0.000780292
_0840_, 65.54, 114.24, 0.000780292
_0841_, 65.54, 114.24, 0.000780292
_1025_, 65.54, 114.24, 0.000780292
hold40, 65.54, 114.24, 0.000780292
FILLER_0_37_125, 65.54, 114.24, 0.000780292
FILLER_0_39_131, 65.54, 114.24, 0.000780292
_0595_, 75.54, 114.24, 0.000750824
_0858_, 75.54, 114.24, 0.000750824
_1015_, 95.54, 114.24, 0.000748789
_0521_, 105.54, 114.24, 0.000764368
clkbuf_4_13_0_clk, 105.54, 114.24, 0.000764368
hold67, 105.54, 114.24, 0.000764368
FILLER_0_37_217, 105.54, 114.24, 0.000764368
FILLER_0_38_221, 105.54, 114.24, 0.000764368
_1031_, 125.54, 114.24, 0.00073215
hold56, 125.54, 114.24, 0.00073215
FILLER_0_37_276, 135.54, 114.24, 0.000713943
PHY_70, 5.52, 108.8, 0.000775563
PHY_72, 5.52, 108.8, 0.000775563
PHY_71, 156.4, 108.8, 0.000668534
PHY_73, 156.4, 108.8, 0.000668534
FILLER_0_35_317, 156.4, 108.8, 0.000668534
FILLER_0_36_321, 156.4, 108.8, 0.000668534
_1089_, 15.53, 108.8, 0.000775563
FILLER_0_37_27, 15.53, 108.8, 0.000775563
_0585_, 35.54, 108.8, 0.000753824
_0597_, 35.54, 108.8, 0.000753824
_0913_, 35.54, 108.8, 0.000753824
_0914_, 35.54, 108.8, 0.000753824
FILLER_0_35_64, 35.54, 108.8, 0.000753824
FILLER_0_36_65, 35.54, 108.8, 0.000753824
_0861_, 45.54, 108.8, 0.000736608
hold129, 45.54, 108.8, 0.000736608
FILLER_0_36_85, 45.54, 108.8, 0.000736608
FILLER_0_36_92, 45.54, 108.8, 0.000736608
hold63, 65.54, 108.8, 0.000692233
FILLER_0_36_133, 65.54, 108.8, 0.000692233
FILLER_0_37_138, 65.54, 108.8, 0.000692233
_0854_, 75.54, 108.8, 0.000668276
wire27, 75.54, 108.8, 0.000668276
FILLER_0_36_149, 75.54, 108.8, 0.000668276
FILLER_0_37_163, 75.54, 108.8, 0.000668276
_0975_, 95.54, 108.8, 0.000653987
max_cap28, 125.54, 108.8, 0.000668679
PHY_66, 5.52, 103.36, 0.000830666
PHY_68, 5.52, 103.36, 0.000830666
PHY_67, 156.4, 103.36, 0.000671128
PHY_69, 156.4, 103.36, 0.000671128
FILLER_0_33_317, 156.4, 103.36, 0.000671128
FILLER_0_34_321, 156.4, 103.36, 0.000671128
_1090_, 15.53, 103.36, 0.000830666
_0750_, 35.54, 103.36, 0.000863102
_1082_, 35.54, 103.36, 0.000863102
clkbuf_4_8_0_clk, 35.54, 103.36, 0.000863102
hold91, 35.54, 103.36, 0.000863102
_0825_, 45.54, 103.36, 0.000838243
_0860_, 45.54, 103.36, 0.000838243
_1042_, 45.54, 103.36, 0.000838243
_1058_, 45.54, 103.36, 0.000838243
FILLER_0_34_85, 45.54, 103.36, 0.000838243
_0787_, 65.54, 103.36, 0.000745666
_0842_, 65.54, 103.36, 0.000745666
_0843_, 65.54, 103.36, 0.000745666
hold42, 65.54, 103.36, 0.000745666
_0781_, 75.54, 103.36, 0.000704468
_0855_, 75.54, 103.36, 0.000704468
wire23, 75.54, 103.36, 0.000704468
FILLER_0_33_146, 75.54, 103.36, 0.000704468
FILLER_0_34_149, 75.54, 103.36, 0.000704468
_0627_, 95.54, 103.36, 0.000680506
_0628_, 95.54, 103.36, 0.000680506
_0677_, 95.54, 103.36, 0.000680506
_0819_, 95.54, 103.36, 0.000680506
FILLER_0_34_192, 95.54, 103.36, 0.000680506
_0512_, 105.54, 103.36, 0.000706409
_0513_, 105.54, 103.36, 0.000706409
_0519_, 105.54, 103.36, 0.000706409
_0520_, 105.54, 103.36, 0.000706409
_0491_, 125.54, 103.36, 0.000708425
_0492_, 125.54, 103.36, 0.000708425
max_cap26, 125.54, 103.36, 0.000708425
PHY_62, 5.52, 97.92, 0.000713378
PHY_64, 5.52, 97.92, 0.000713378
PHY_63, 156.4, 97.92, 0.00069616
PHY_65, 156.4, 97.92, 0.00069616
output18, 156.4, 97.92, 0.00069616
FILLER_0_32_321, 156.4, 97.92, 0.00069616
_0885_, 15.53, 97.92, 0.000713378
FILLER_0_31_19, 15.53, 97.92, 0.000713378
FILLER_0_33_27, 15.53, 97.92, 0.000713378
_0915_, 35.54, 97.92, 0.000700548
FILLER_0_32_75, 35.54, 97.92, 0.000700548
FILLER_0_33_66, 35.54, 97.92, 0.000700548
FILLER_0_33_72, 35.54, 97.92, 0.000700548
_0824_, 45.54, 97.92, 0.000687731
FILLER_0_32_97, 45.54, 97.92, 0.000687731
_0584_, 65.54, 97.92, 0.000647502
_0786_, 65.54, 97.92, 0.000647502
_0745_, 75.54, 97.92, 0.000615158
_0780_, 75.54, 97.92, 0.000615158
_0872_, 75.54, 97.92, 0.000615158
FILLER_0_31_149, 75.54, 97.92, 0.000615158
FILLER_0_32_153, 75.54, 97.92, 0.000615158
_0816_, 95.54, 97.92, 0.000625908
_0818_, 95.54, 97.92, 0.000625908
FILLER_0_31_195, 95.54, 97.92, 0.000625908
FILLER_0_32_203, 95.54, 97.92, 0.000625908
FILLER_0_33_204, 95.54, 97.92, 0.000625908
_0500_, 105.54, 97.92, 0.000676586
_0503_, 105.54, 97.92, 0.000676586
_0505_, 105.54, 97.92, 0.000676586
_0518_, 105.54, 97.92, 0.000676586
_0482_, 125.54, 97.92, 0.000710058
_0499_, 125.54, 97.92, 0.000710058
_0973_, 125.54, 97.92, 0.000710058
FILLER_0_32_269, 125.54, 97.92, 0.000710058
_0675_, 135.54, 97.92, 0.000692137
PHY_58, 5.52, 92.48, 0.000780652
PHY_60, 5.52, 92.48, 0.000780652
FILLER_0_30_3, 5.52, 92.48, 0.000780652
PHY_59, 156.4, 92.48, 0.000636139
PHY_61, 156.4, 92.48, 0.000636139
FILLER_0_29_321, 156.4, 92.48, 0.000636139
FILLER_0_30_321, 156.4, 92.48, 0.000636139
_0884_, 15.53, 92.48, 0.000780652
_1069_, 15.53, 92.48, 0.000780652
_1077_, 15.53, 92.48, 0.000780652
hold39, 15.53, 92.48, 0.000780652
_0663_, 35.54, 92.48, 0.000714711
_0774_, 35.54, 92.48, 0.000714711
FILLER_0_30_58, 35.54, 92.48, 0.000714711
_0957_, 45.54, 92.48, 0.000691693
_1101_, 45.54, 92.48, 0.000691693
FILLER_0_29_80, 45.54, 92.48, 0.000691693
FILLER_0_30_77, 45.54, 92.48, 0.000691693
_0801_, 65.54, 92.48, 0.000632717
_1032_, 65.54, 92.48, 0.000632717
FILLER_0_30_129, 65.54, 92.48, 0.000632717
FILLER_0_30_137, 65.54, 92.48, 0.000632717
FILLER_0_30_141, 65.54, 92.48, 0.000632717
_0495_, 75.54, 92.48, 0.000596586
_0762_, 75.54, 92.48, 0.000596586
_0763_, 75.54, 92.48, 0.000596586
_0798_, 75.54, 92.48, 0.000596586
_0799_, 75.54, 92.48, 0.000596586
hold109, 75.54, 92.48, 0.000596586
FILLER_0_30_150, 75.54, 92.48, 0.000596586
_0504_, 95.54, 92.48, 0.000565574
_0817_, 95.54, 92.48, 0.000565574
FILLER_0_29_187, 95.54, 92.48, 0.000565574
FILLER_0_30_187, 95.54, 92.48, 0.000565574
_0488_, 105.54, 92.48, 0.000596491
_0494_, 105.54, 92.48, 0.000596491
FILLER_0_29_212, 105.54, 92.48, 0.000596491
FILLER_0_30_209, 105.54, 92.48, 0.000596491
_0480_, 125.54, 92.48, 0.000657665
_0486_, 125.54, 92.48, 0.000657665
_0487_, 125.54, 92.48, 0.000657665
_0631_, 125.54, 92.48, 0.000657665
_0674_, 135.54, 92.48, 0.000647038
FILLER_0_29_277, 135.54, 92.48, 0.000647038
PHY_54, 5.52, 87.04, 0.000766264
PHY_56, 5.52, 87.04, 0.000766264
input4, 5.52, 87.04, 0.000766264
FILLER_0_29_7, 5.52, 87.04, 0.000766264
PHY_55, 156.4, 87.04, 0.000656128
PHY_57, 156.4, 87.04, 0.000656128
FILLER_0_27_320, 156.4, 87.04, 0.000656128
FILLER_0_28_321, 156.4, 87.04, 0.000656128
_0902_, 15.53, 87.04, 0.00076436
_0903_, 15.53, 87.04, 0.00076436
FILLER_0_28_18, 15.53, 87.04, 0.00076436
_0646_, 35.54, 87.04, 0.000773565
_0738_, 35.54, 87.04, 0.000773565
_1005_, 35.54, 87.04, 0.000773565
hold33, 35.54, 87.04, 0.000773565
_0956_, 45.54, 87.04, 0.000758792
_1037_, 45.54, 87.04, 0.000758792
FILLER_0_28_79, 45.54, 87.04, 0.000758792
FILLER_0_28_85, 45.54, 87.04, 0.000758792
_0800_, 65.54, 87.04, 0.000769482
_0946_, 65.54, 87.04, 0.000769482
_0947_, 65.54, 87.04, 0.000769482
_1096_, 65.54, 87.04, 0.000769482
FILLER_0_27_126, 65.54, 87.04, 0.000769482
FILLER_0_29_139, 65.54, 87.04, 0.000769482
_0727_, 75.54, 87.04, 0.000786654
_0744_, 75.54, 87.04, 0.000786654
_0890_, 75.54, 87.04, 0.000786654
clkbuf_0_clk, 75.54, 87.04, 0.000786654
FILLER_0_28_150, 75.54, 87.04, 0.000786654
_0622_, 95.54, 87.04, 0.000682529
_0624_, 95.54, 87.04, 0.000682529
_0625_, 95.54, 87.04, 0.000682529
_0626_, 95.54, 87.04, 0.000682529
_0645_, 95.54, 87.04, 0.000682529
_0706_, 95.54, 87.04, 0.000682529
FILLER_0_27_190, 95.54, 87.04, 0.000682529
_0489_, 105.54, 87.04, 0.000704477
_0501_, 105.54, 87.04, 0.000704477
_0502_, 105.54, 87.04, 0.000704477
_0623_, 105.54, 87.04, 0.000704477
_0636_, 125.54, 87.04, 0.000689246
_0637_, 125.54, 87.04, 0.000689246
_0972_, 125.54, 87.04, 0.000689246
FILLER_0_28_268, 125.54, 87.04, 0.000689246
_0673_, 135.54, 87.04, 0.000672824
PHY_50, 5.52, 81.6, 0.000781809
PHY_52, 5.52, 81.6, 0.000781809
FILLER_0_26_3, 5.52, 81.6, 0.000781809
PHY_51, 156.4, 81.6, 0.0006864
PHY_53, 156.4, 81.6, 0.0006864
FILLER_0_25_317, 156.4, 81.6, 0.0006864
FILLER_0_26_321, 156.4, 81.6, 0.0006864
_0892_, 15.53, 81.6, 0.000781809
_0893_, 15.53, 81.6, 0.000781809
hold53, 15.53, 81.6, 0.000781809
FILLER_0_26_25, 15.53, 81.6, 0.000781809
_0545_, 35.54, 81.6, 0.000772839
_0728_, 35.54, 81.6, 0.000772839
hold78, 35.54, 81.6, 0.000772839
FILLER_0_26_73, 35.54, 81.6, 0.000772839
_0720_, 45.54, 81.6, 0.000760637
_0811_, 45.54, 81.6, 0.000760637
_0997_, 45.54, 81.6, 0.000760637
FILLER_0_26_81, 45.54, 81.6, 0.000760637
_0552_, 65.54, 81.6, 0.000707829
_0602_, 65.54, 81.6, 0.000707829
hold19, 65.54, 81.6, 0.000707829
FILLER_0_25_121, 65.54, 81.6, 0.000707829
FILLER_0_26_130, 65.54, 81.6, 0.000707829
_0708_, 75.54, 81.6, 0.000677619
_0726_, 75.54, 81.6, 0.000677619
FILLER_0_26_148, 75.54, 81.6, 0.000677619
_0481_, 95.54, 81.6, 0.000690445
_0525_, 95.54, 81.6, 0.000690445
_0629_, 95.54, 81.6, 0.000690445
_0641_, 95.54, 81.6, 0.000690445
FILLER_0_26_205, 95.54, 81.6, 0.000690445
_0524_, 105.54, 81.6, 0.0007173
_0642_, 105.54, 81.6, 0.0007173
_0643_, 105.54, 81.6, 0.0007173
FILLER_0_25_210, 105.54, 81.6, 0.0007173
FILLER_0_26_228, 105.54, 81.6, 0.0007173
FILLER_0_27_221, 105.54, 81.6, 0.0007173
_0633_, 125.54, 81.6, 0.000724787
_0640_, 125.54, 81.6, 0.000724787
_0971_, 125.54, 81.6, 0.000724787
FILLER_0_26_260, 125.54, 81.6, 0.000724787
_0541_, 135.54, 81.6, 0.000711131
_0875_, 5.52, 76.16, 0.000909195
_1064_, 5.52, 76.16, 0.000909195
_1072_, 5.52, 76.16, 0.000909195
PHY_46, 5.52, 76.16, 0.000909195
PHY_48, 5.52, 76.16, 0.000909195
FILLER_0_24_3, 5.52, 76.16, 0.000909195
FILLER_0_25_3, 5.52, 76.16, 0.000909195
PHY_47, 156.4, 76.16, 0.000712846
PHY_49, 156.4, 76.16, 0.000712846
FILLER_0_23_321, 156.4, 76.16, 0.000712846
FILLER_0_24_321, 156.4, 76.16, 0.000712846
_0874_, 15.53, 76.16, 0.000868734
_0764_, 35.54, 76.16, 0.000828523
_1000_, 35.54, 76.16, 0.000828523
hold140, 35.54, 76.16, 0.000828523
FILLER_0_25_74, 35.54, 76.16, 0.000828523
_0967_, 45.54, 76.16, 0.000802906
FILLER_0_23_82, 45.54, 76.16, 0.000802906
FILLER_0_24_79, 45.54, 76.16, 0.000802906
FILLER_0_24_85, 45.54, 76.16, 0.000802906
_0700_, 65.54, 76.16, 0.000755626
_0989_, 65.54, 76.16, 0.000755626
hold77, 65.54, 76.16, 0.000755626
FILLER_0_24_137, 65.54, 76.16, 0.000755626
_0709_, 75.54, 76.16, 0.000721739
hold80, 75.54, 76.16, 0.000721739
FILLER_0_24_149, 75.54, 76.16, 0.000721739
FILLER_0_25_157, 75.54, 76.16, 0.000721739
_0527_, 95.54, 76.16, 0.000711766
_0614_, 95.54, 76.16, 0.000711766
_0620_, 95.54, 76.16, 0.000711766
_0621_, 95.54, 76.16, 0.000711766
FILLER_0_24_193, 95.54, 76.16, 0.000711766
_0644_, 105.54, 76.16, 0.000727742
_0648_, 105.54, 76.16, 0.000727742
_0970_, 105.54, 76.16, 0.000727742
FILLER_0_23_208, 105.54, 76.16, 0.000727742
hold57, 125.54, 76.16, 0.000730431
FILLER_0_24_265, 125.54, 76.16, 0.000730431
FILLER_0_25_269, 125.54, 76.16, 0.000730431
_0672_, 135.54, 76.16, 0.000733874
_0703_, 135.54, 76.16, 0.000733874
hold6, 135.54, 76.16, 0.000733874
PHY_42, 5.52, 70.72, 0.00081075
PHY_44, 5.52, 70.72, 0.00081075
PHY_43, 156.4, 70.72, 0.000734449
PHY_45, 156.4, 70.72, 0.000734449
FILLER_0_21_317, 156.4, 70.72, 0.000734449
FILLER_0_22_321, 156.4, 70.72, 0.000734449
_0880_, 15.53, 70.72, 0.00081075
_0899_, 15.53, 70.72, 0.00081075
_0605_, 35.54, 70.72, 0.000813092
hold43, 35.54, 70.72, 0.000813092
_0657_, 45.54, 70.72, 0.000808717
_0665_, 45.54, 70.72, 0.000808717
hold114, 45.54, 70.72, 0.000808717
FILLER_0_22_77, 45.54, 70.72, 0.000808717
_0683_, 65.54, 70.72, 0.000798949
_0710_, 65.54, 70.72, 0.000798949
hold13, 65.54, 70.72, 0.000798949
_0603_, 75.54, 70.72, 0.000793761
_0611_, 75.54, 70.72, 0.000793761
_0962_, 75.54, 70.72, 0.000793761
_0992_, 75.54, 70.72, 0.000793761
FILLER_0_22_192, 95.54, 70.72, 0.000724292
_0647_, 105.54, 70.72, 0.000725611
FILLER_0_23_220, 105.54, 70.72, 0.000725611
_0539_, 125.54, 70.72, 0.000757179
_0540_, 125.54, 70.72, 0.000757179
_0702_, 125.54, 70.72, 0.000757179
FILLER_0_22_265, 125.54, 70.72, 0.000757179
_0982_, 135.54, 70.72, 0.000764372
_0990_, 135.54, 70.72, 0.000764372
_0881_, 5.52, 65.28, 0.000926648
_1067_, 5.52, 65.28, 0.000926648
PHY_38, 5.52, 65.28, 0.000926648
PHY_40, 5.52, 65.28, 0.000926648
FILLER_0_20_3, 5.52, 65.28, 0.000926648
FILLER_0_21_3, 5.52, 65.28, 0.000926648
PHY_39, 156.4, 65.28, 0.000743944
PHY_41, 156.4, 65.28, 0.000743944
input11, 156.4, 65.28, 0.000743944
_0898_, 15.53, 65.28, 0.000905157
hold97, 15.53, 65.28, 0.000905157
FILLER_0_20_25, 15.53, 65.28, 0.000905157
_0734_, 35.54, 65.28, 0.00088388
_1099_, 35.54, 65.28, 0.00088388
hold75, 35.54, 65.28, 0.00088388
_0806_, 45.54, 65.28, 0.000864907
_0952_, 45.54, 65.28, 0.000864907
hold81, 45.54, 65.28, 0.000864907
_0650_, 65.54, 65.28, 0.00080983
hold117, 65.54, 65.28, 0.00080983
FILLER_0_19_125, 65.54, 65.28, 0.00080983
FILLER_0_20_135, 65.54, 65.28, 0.00080983
FILLER_0_20_141, 65.54, 65.28, 0.00080983
FILLER_0_21_136, 65.54, 65.28, 0.00080983
_0649_, 75.54, 65.28, 0.000779422
hold104, 75.54, 65.28, 0.000779422
hold100, 95.54, 65.28, 0.000748692
_0533_, 105.54, 65.28, 0.000752695
_0812_, 105.54, 65.28, 0.000752695
FILLER_0_20_221, 105.54, 65.28, 0.000752695
FILLER_0_21_220, 105.54, 65.28, 0.000752695
_0667_, 125.54, 65.28, 0.000754813
hold118, 125.54, 65.28, 0.000754813
FILLER_0_21_270, 125.54, 65.28, 0.000754813
hold142, 135.54, 65.28, 0.000751575
FILLER_0_19_281, 135.54, 65.28, 0.000751575
_1075_, 5.52, 59.84, 0.000933323
PHY_34, 5.52, 59.84, 0.000933323
PHY_36, 5.52, 59.84, 0.000933323
FILLER_0_19_3, 5.52, 59.84, 0.000933323
PHY_35, 156.4, 59.84, 0.000801488
PHY_37, 156.4, 59.84, 0.000801488
FILLER_0_17_317, 156.4, 59.84, 0.000801488
FILLER_0_18_321, 156.4, 59.84, 0.000801488
_0568_, 15.53, 59.84, 0.000914643
FILLER_0_17_21, 15.53, 59.84, 0.000914643
_0770_, 35.54, 59.84, 0.000942143
clkbuf_4_2_0_clk, 35.54, 59.84, 0.000942143
hold86, 35.54, 59.84, 0.000942143
FILLER_0_19_66, 35.54, 59.84, 0.000942143
_0715_, 45.54, 59.84, 0.000921565
_0716_, 45.54, 59.84, 0.000921565
_0807_, 45.54, 59.84, 0.000921565
_0953_, 45.54, 59.84, 0.000921565
_1035_, 45.54, 59.84, 0.000921565
FILLER_0_19_95, 45.54, 59.84, 0.000921565
_0696_, 65.54, 59.84, 0.000878634
_0987_, 65.54, 59.84, 0.000878634
FILLER_0_18_126, 65.54, 59.84, 0.000878634
_0576_, 75.54, 59.84, 0.000864296
hold9, 75.54, 59.84, 0.000864296
FILLER_0_19_162, 75.54, 59.84, 0.000864296
_0532_, 95.54, 59.84, 0.000891293
_0740_, 95.54, 59.84, 0.000891293
_0776_, 95.54, 59.84, 0.000891293
_1006_, 95.54, 59.84, 0.000891293
_1022_, 95.54, 59.84, 0.000891293
hold24, 95.54, 59.84, 0.000891293
_0741_, 105.54, 59.84, 0.000891097
_0777_, 105.54, 59.84, 0.000891097
_0813_, 105.54, 59.84, 0.000891097
_1038_, 105.54, 59.84, 0.000891097
_1102_, 105.54, 59.84, 0.000891097
FILLER_0_17_210, 105.54, 59.84, 0.000891097
_0721_, 125.54, 59.84, 0.000863469
_0998_, 125.54, 59.84, 0.000863469
FILLER_0_18_269, 125.54, 59.84, 0.000863469
_0528_, 135.54, 59.84, 0.000858788
_0983_, 135.54, 59.84, 0.000858788
_0991_, 135.54, 59.84, 0.000858788
hold119, 135.54, 59.84, 0.000858788
FILLER_0_18_281, 135.54, 59.84, 0.000858788
PHY_30, 5.52, 54.4, 0.000974916
PHY_32, 5.52, 54.4, 0.000974916
output15, 5.52, 54.4, 0.000974916
FILLER_0_16_3, 5.52, 54.4, 0.000974916
PHY_31, 156.4, 54.4, 0.00078523
PHY_33, 156.4, 54.4, 0.00078523
FILLER_0_15_317, 156.4, 54.4, 0.00078523
FILLER_0_16_321, 156.4, 54.4, 0.00078523
_0877_, 15.53, 54.4, 0.000954527
_0895_, 15.53, 54.4, 0.000954527
_1073_, 15.53, 54.4, 0.000954527
hold120, 15.53, 54.4, 0.000954527
FILLER_0_15_15, 15.53, 54.4, 0.000954527
FILLER_0_16_74, 35.54, 54.4, 0.000905306
_0965_, 45.54, 54.4, 0.000909579
_0995_, 45.54, 54.4, 0.000909579
_0681_, 65.54, 54.4, 0.000883681
_0979_, 65.54, 54.4, 0.000883681
_0697_, 75.54, 54.4, 0.000869693
_0905_, 75.54, 54.4, 0.000869693
_1078_, 75.54, 54.4, 0.000869693
FILLER_0_16_156, 75.54, 54.4, 0.000869693
FILLER_0_17_159, 75.54, 54.4, 0.000869693
clkbuf_4_6_0_clk, 95.54, 54.4, 0.000873869
FILLER_0_16_189, 95.54, 54.4, 0.000873869
_0958_, 105.54, 54.4, 0.000877236
_0959_, 105.54, 54.4, 0.000877236
clkbuf_4_7_0_clk, 105.54, 54.4, 0.000877236
FILLER_0_15_217, 105.54, 54.4, 0.000877236
FILLER_0_16_220, 105.54, 54.4, 0.000877236
FILLER_0_17_218, 105.54, 54.4, 0.000877236
_0523_, 125.54, 54.4, 0.000828368
_0704_, 125.54, 54.4, 0.000828368
_0705_, 125.54, 54.4, 0.000828368
_0529_, 135.54, 54.4, 0.000812142
PHY_26, 5.52, 48.96, 0.000934018
PHY_28, 5.52, 48.96, 0.000934018
PHY_27, 156.4, 48.96, 0.000790854
PHY_29, 156.4, 48.96, 0.000790854
FILLER_0_13_317, 156.4, 48.96, 0.000790854
FILLER_0_14_321, 156.4, 48.96, 0.000790854
_0894_, 15.53, 48.96, 0.000934018
_0896_, 15.53, 48.96, 0.000934018
_0897_, 15.53, 48.96, 0.000934018
_1065_, 15.53, 48.96, 0.000934018
_0766_, 35.54, 48.96, 0.000932077
hold28, 35.54, 48.96, 0.000932077
FILLER_0_14_59, 35.54, 48.96, 0.000932077
FILLER_0_14_74, 35.54, 48.96, 0.000932077
clkbuf_4_0_0_clk, 45.54, 48.96, 0.000947654
hold69, 45.54, 48.96, 0.000947654
hold135, 45.54, 48.96, 0.000947654
FILLER_0_14_85, 45.54, 48.96, 0.000947654
_0599_, 65.54, 48.96, 0.000886759
FILLER_0_13_150, 75.54, 48.96, 0.000857654
FILLER_0_15_161, 75.54, 48.96, 0.000857654
_0742_, 95.54, 48.96, 0.000837526
hold85, 95.54, 48.96, 0.000837526
FILLER_0_14_185, 95.54, 48.96, 0.000837526
FILLER_0_14_193, 95.54, 48.96, 0.000837526
_0507_, 105.54, 48.96, 0.000834233
hold68, 105.54, 48.96, 0.000834233
FILLER_0_14_228, 105.54, 48.96, 0.000834233
_0670_, 125.54, 48.96, 0.00082244
hold123, 125.54, 48.96, 0.00082244
hold141, 125.54, 48.96, 0.00082244
FILLER_0_14_253, 125.54, 48.96, 0.00082244
FILLER_0_15_270, 125.54, 48.96, 0.00082244
_0669_, 135.54, 48.96, 0.000807748
FILLER_0_13_276, 135.54, 48.96, 0.000807748
_1074_, 5.52, 43.52, 0.00102409
PHY_22, 5.52, 43.52, 0.00102409
PHY_24, 5.52, 43.52, 0.00102409
FILLER_0_12_3, 5.52, 43.52, 0.00102409
FILLER_0_13_3, 5.52, 43.52, 0.00102409
PHY_23, 156.4, 43.52, 0.000824482
PHY_25, 156.4, 43.52, 0.000824482
FILLER_0_11_317, 156.4, 43.52, 0.000824482
FILLER_0_12_321, 156.4, 43.52, 0.000824482
_1066_, 15.53, 43.52, 0.00100498
hold36, 15.53, 43.52, 0.00100498
hold47, 15.53, 43.52, 0.00100498
FILLER_0_11_11, 15.53, 43.52, 0.00100498
FILLER_0_12_25, 15.53, 43.52, 0.00100498
FILLER_0_12_29, 15.53, 43.52, 0.00100498
_0593_, 35.54, 43.52, 0.000978385
_0730_, 35.54, 43.52, 0.000978385
_1001_, 35.54, 43.52, 0.000978385
_0803_, 45.54, 43.52, 0.000974557
_0948_, 45.54, 43.52, 0.000974557
_0949_, 45.54, 43.52, 0.000974557
_1033_, 45.54, 43.52, 0.000974557
_1097_, 45.54, 43.52, 0.000974557
FILLER_0_12_78, 45.54, 43.52, 0.000974557
_0652_, 65.54, 43.52, 0.000941818
hold101, 65.54, 43.52, 0.000941818
_0889_, 75.54, 43.52, 0.000949323
_0901_, 75.54, 43.52, 0.000949323
hold34, 75.54, 43.52, 0.000949323
hold143, 75.54, 43.52, 0.000949323
FILLER_0_12_153, 75.54, 43.52, 0.000949323
FILLER_0_13_158, 75.54, 43.52, 0.000949323
_0506_, 95.54, 43.52, 0.000982093
_0743_, 95.54, 43.52, 0.000982093
_1007_, 95.54, 43.52, 0.000982093
_1023_, 95.54, 43.52, 0.000982093
FILLER_0_11_185, 95.54, 43.52, 0.000982093
_0779_, 105.54, 43.52, 0.00098687
_0960_, 105.54, 43.52, 0.00098687
_1103_, 105.54, 43.52, 0.00098687
clkbuf_4_5_0_clk, 105.54, 43.52, 0.00098687
hold88, 105.54, 43.52, 0.00098687
FILLER_0_13_221, 105.54, 43.52, 0.00098687
_0671_, 125.54, 43.52, 0.000905784
_0723_, 125.54, 43.52, 0.000905784
_0969_, 125.54, 43.52, 0.000905784
_0999_, 125.54, 43.52, 0.000905784
FILLER_0_11_252, 125.54, 43.52, 0.000905784
_0724_, 135.54, 43.52, 0.000866873
PHY_18, 5.52, 38.08, 0.000897596
PHY_20, 5.52, 38.08, 0.000897596
FILLER_0_11_3, 5.52, 38.08, 0.000897596
PHY_19, 156.4, 38.08, 0.000813193
PHY_21, 156.4, 38.08, 0.000813193
input8, 156.4, 38.08, 0.000813193
FILLER_0_9_317, 156.4, 38.08, 0.000813193
_0878_, 15.53, 38.08, 0.000897596
_0879_, 15.53, 38.08, 0.000897596
FILLER_0_10_20, 15.53, 38.08, 0.000897596
_0651_, 35.54, 38.08, 0.00090348
hold90, 35.54, 38.08, 0.00090348
_0802_, 45.54, 38.08, 0.000906958
FILLER_0_10_80, 45.54, 38.08, 0.000906958
_0711_, 65.54, 38.08, 0.000913286
FILLER_0_10_129, 65.54, 38.08, 0.000913286
FILLER_0_10_137, 65.54, 38.08, 0.000913286
FILLER_0_10_141, 65.54, 38.08, 0.000913286
_0883_, 75.54, 38.08, 0.000915314
_0900_, 75.54, 38.08, 0.000915314
_1068_, 75.54, 38.08, 0.000915314
_1076_, 75.54, 38.08, 0.000915314
_0778_, 95.54, 38.08, 0.00087249
FILLER_0_10_188, 95.54, 38.08, 0.00087249
_0961_, 105.54, 38.08, 0.000867679
_1039_, 105.54, 38.08, 0.000867679
FILLER_0_9_217, 105.54, 38.08, 0.000867679
FILLER_0_11_218, 105.54, 38.08, 0.000867679
FILLER_0_11_225, 105.54, 38.08, 0.000867679
FILLER_0_11_271, 125.54, 38.08, 0.000830974
FILLER_0_9_273, 135.54, 38.08, 0.000820909
PHY_14, 5.52, 32.64, 0.000905756
PHY_16, 5.52, 32.64, 0.000905756
PHY_15, 156.4, 32.64, 0.000828371
PHY_17, 156.4, 32.64, 0.000828371
FILLER_0_7_317, 156.4, 32.64, 0.000828371
FILLER_0_8_321, 156.4, 32.64, 0.000828371
_0581_, 35.54, 32.64, 0.000935463
_0768_, 35.54, 32.64, 0.000935463
_1018_, 35.54, 32.64, 0.000935463
hold17, 35.54, 32.64, 0.000935463
_1098_, 45.54, 32.64, 0.000929577
hold35, 45.54, 32.64, 0.000929577
FILLER_0_8_85, 45.54, 32.64, 0.000929577
FILLER_0_8_93, 45.54, 32.64, 0.000929577
FILLER_0_7_130, 65.54, 32.64, 0.000889865
FILLER_0_8_135, 65.54, 32.64, 0.000889865
hold106, 75.54, 32.64, 0.000881689
_0557_, 95.54, 32.64, 0.000881883
_0772_, 95.54, 32.64, 0.000881883
hold137, 95.54, 32.64, 0.000881883
FILLER_0_8_185, 95.54, 32.64, 0.000881883
_0954_, 105.54, 32.64, 0.000878986
_0955_, 105.54, 32.64, 0.000878986
hold66, 105.54, 32.64, 0.000878986
_0555_, 125.54, 32.64, 0.000870759
_0563_, 125.54, 32.64, 0.000870759
_0661_, 125.54, 32.64, 0.000870759
hold136, 125.54, 32.64, 0.000870759
FILLER_0_7_276, 135.54, 32.64, 0.000849565
PHY_10, 5.52, 27.2, 0.000921651
PHY_12, 5.52, 27.2, 0.000921651
input3, 5.52, 27.2, 0.000921651
PHY_11, 156.4, 27.2, 0.000849266
PHY_13, 156.4, 27.2, 0.000849266
FILLER_0_6_321, 156.4, 27.2, 0.000849266
FILLER_0_6_19, 15.53, 27.2, 0.000919705
_0654_, 35.54, 27.2, 0.000930828
hold58, 35.54, 27.2, 0.000930828
FILLER_0_6_73, 35.54, 27.2, 0.000930828
_0804_, 45.54, 27.2, 0.000933838
_0950_, 45.54, 27.2, 0.000933838
_0951_, 45.54, 27.2, 0.000933838
FILLER_0_5_81, 45.54, 27.2, 0.000933838
FILLER_0_6_81, 45.54, 27.2, 0.000933838
FILLER_0_6_88, 45.54, 27.2, 0.000933838
_0601_, 65.54, 27.2, 0.000949557
_0692_, 65.54, 27.2, 0.000949557
_0693_, 65.54, 27.2, 0.000949557
_0695_, 65.54, 27.2, 0.000949557
_0985_, 65.54, 27.2, 0.000949557
FILLER_0_6_131, 65.54, 27.2, 0.000949557
_0600_, 75.54, 27.2, 0.000932516
_0736_, 95.54, 27.2, 0.000934522
_0737_, 95.54, 27.2, 0.000934522
_1020_, 95.54, 27.2, 0.000934522
FILLER_0_6_190, 95.54, 27.2, 0.000934522
FILLER_0_6_206, 95.54, 27.2, 0.000934522
_1100_, 105.54, 27.2, 0.000933309
hold61, 105.54, 27.2, 0.000933309
_0698_, 125.54, 27.2, 0.000913024
_0966_, 125.54, 27.2, 0.000913024
hold132, 125.54, 27.2, 0.000913024
FILLER_0_5_253, 125.54, 27.2, 0.000913024
_0564_, 135.54, 27.2, 0.000887934
hold116, 135.54, 27.2, 0.000887934
PHY_6, 5.52, 21.76, 0.000904638
PHY_8, 5.52, 21.76, 0.000904638
PHY_7, 156.4, 21.76, 0.000859109
PHY_9, 156.4, 21.76, 0.000859109
FILLER_0_4_321, 156.4, 21.76, 0.000859109
_0655_, 45.54, 21.76, 0.000945299
_0656_, 45.54, 21.76, 0.000945299
_0714_, 45.54, 21.76, 0.000945299
_0805_, 45.54, 21.76, 0.000945299
_1034_, 45.54, 21.76, 0.000945299
FILLER_0_3_81, 45.54, 21.76, 0.000945299
FILLER_0_4_77, 45.54, 21.76, 0.000945299
FILLER_0_4_85, 45.54, 21.76, 0.000945299
_0694_, 65.54, 21.76, 0.000960305
hold8, 65.54, 21.76, 0.000960305
hold74, 65.54, 21.76, 0.000960305
hold83, 65.54, 21.76, 0.000960305
_0588_, 75.54, 21.76, 0.000950324
_0690_, 75.54, 21.76, 0.000950324
_0691_, 75.54, 21.76, 0.000950324
hold84, 75.54, 21.76, 0.000950324
hold1, 95.54, 21.76, 0.000907306
FILLER_0_4_186, 95.54, 21.76, 0.000907306
_0808_, 105.54, 21.76, 0.000897569
_0809_, 105.54, 21.76, 0.000897569
FILLER_0_5_221, 105.54, 21.76, 0.000897569
_0565_, 125.54, 21.76, 0.000908376
_0699_, 125.54, 21.76, 0.000908376
_0988_, 125.54, 21.76, 0.000908376
FILLER_0_4_265, 125.54, 21.76, 0.000908376
_0980_, 135.54, 21.76, 0.000905053
hold3, 135.54, 21.76, 0.000905053
hold4, 135.54, 21.76, 0.000905053
FILLER_0_3_273, 135.54, 21.76, 0.000905053
FILLER_0_4_278, 135.54, 21.76, 0.000905053
PHY_2, 5.52, 16.32, 0.000910753
PHY_4, 5.52, 16.32, 0.000910753
PHY_3, 156.4, 16.32, 0.000829975
PHY_5, 156.4, 16.32, 0.000829975
FILLER_0_1_317, 156.4, 16.32, 0.000829975
FILLER_0_2_321, 156.4, 16.32, 0.000829975
_0964_, 45.54, 16.32, 0.000959244
_0994_, 45.54, 16.32, 0.000959244
FILLER_0_2_77, 45.54, 16.32, 0.000959244
FILLER_0_2_85, 45.54, 16.32, 0.000959244
_0977_, 65.54, 16.32, 0.000973727
_0978_, 65.54, 16.32, 0.000973727
hold7, 65.54, 16.32, 0.000973727
_0679_, 75.54, 16.32, 0.000950659
_0680_, 75.54, 16.32, 0.000950659
_0984_, 75.54, 16.32, 0.000950659
FILLER_0_2_152, 75.54, 16.32, 0.000950659
_0678_, 95.54, 16.32, 0.000890449
FILLER_0_1_217, 105.54, 16.32, 0.000871907
FILLER_0_3_220, 105.54, 16.32, 0.000871907
_0682_, 135.54, 16.32, 0.000837959
FILLER_0_1_273, 135.54, 16.32, 0.000837959
FILLER_0_2_277, 135.54, 16.32, 0.000837959
PHY_0, 5.52, 10.88, 0.000963243
output13, 5.52, 10.88, 0.000963243
PHY_1, 156.4, 10.88, 0.000865786
output16, 156.4, 10.88, 0.000865786
FILLER_0_0_21, 15.53, 10.88, 0.00094247
FILLER_0_0_81, 45.54, 10.88, 0.000910338
FILLER_0_0_97, 45.54, 10.88, 0.000910338
FILLER_0_0_137, 65.54, 10.88, 0.000894009
FILLER_0_1_161, 75.54, 10.88, 0.00088336
FILLER_0_0_187, 95.54, 10.88, 0.000868894
FILLER_0_0_221, 105.54, 10.88, 0.000865078
FILLER_0_0_225, 105.54, 10.88, 0.000865078
FILLER_0_0_277, 135.54, 10.88, 0.000851165
FILLER_0_0_293, 135.54, 10.88, 0.000851165

