Instance name,  X location,  Y location,  Voltage 
FILLER_0_48_301, 141.84, 138.72, 1.79923
FILLER_0_46_304, 141.84, 133.28, 1.79924
FILLER_0_42_301, 141.84, 122.4, 1.79926
FILLER_0_32_303, 141.84, 95.2, 1.79931
FILLER_0_30_300, 141.84, 89.76, 1.79932
FILLER_0_28_303, 141.84, 84.32, 1.79932
hold6, 141.84, 78.88, 1.7993
FILLER_0_26_301, 141.84, 78.88, 1.7993
_0982_, 141.84, 73.44, 1.79927
hold5, 141.84, 73.44, 1.79927
FILLER_0_22_302, 141.84, 68, 1.79929
_0685_, 141.84, 62.56, 1.79924
hold119, 141.84, 62.56, 1.79924
FILLER_0_19_294, 141.84, 62.56, 1.79924
hold130, 141.84, 57.12, 1.79921
FILLER_0_16_297, 141.84, 51.68, 1.79922
FILLER_0_12_299, 141.84, 40.8, 1.79919
FILLER_0_10_301, 141.84, 35.36, 1.7992
FILLER_0_8_302, 141.84, 29.92, 1.79917
hold3, 141.84, 24.48, 1.79915
FILLER_0_6_298, 141.84, 24.48, 1.79915
FILLER_0_4_297, 141.84, 19.04, 1.79917
input2, 141.84, 13.6, 1.79917
FILLER_0_0_293, 141.84, 13.6, 1.79917
FILLER_0_0_303, 141.84, 13.6, 1.79917
FILLER_0_2_298, 141.84, 13.6, 1.79917
FILLER_0_54_221, 111.84, 160.48, 1.79921
_1084_, 111.84, 155.04, 1.79917
hold87, 111.84, 155.04, 1.79917
hold111, 111.84, 155.04, 1.79917
_0829_, 111.84, 149.6, 1.79918
_0918_, 111.84, 149.6, 1.79918
_1044_, 111.84, 149.6, 1.79918
FILLER_0_50_229, 111.84, 149.6, 1.79918
FILLER_0_51_221, 111.84, 149.6, 1.79918
FILLER_0_51_234, 111.84, 149.6, 1.79918
FILLER_0_52_240, 111.84, 149.6, 1.79918
_0558_, 111.84, 144.16, 1.79918
hold92, 111.84, 144.16, 1.79918
_0537_, 111.84, 138.72, 1.79919
_0562_, 111.84, 138.72, 1.79919
hold113, 111.84, 138.72, 1.79919
FILLER_0_47_232, 111.84, 138.72, 1.79919
_0561_, 111.84, 133.28, 1.7992
_0755_, 111.84, 133.28, 1.7992
hold103, 111.84, 133.28, 1.7992
FILLER_0_45_236, 111.84, 133.28, 1.7992
FILLER_0_44_238, 111.84, 127.84, 1.79921
hold27, 111.84, 122.4, 1.79923
FILLER_0_40_229, 111.84, 122.4, 1.79923
FILLER_0_41_221, 111.84, 122.4, 1.79923
FILLER_0_42_241, 111.84, 122.4, 1.79923
_0521_, 111.84, 116.96, 1.79922
_0522_, 111.84, 116.96, 1.79922
_0924_, 111.84, 116.96, 1.79922
_1087_, 111.84, 116.96, 1.79922
hold67, 111.84, 116.96, 1.79922
FILLER_0_38_221, 111.84, 116.96, 1.79922
_0925_, 111.84, 111.52, 1.79927
FILLER_0_37_237, 111.84, 111.52, 1.79927
FILLER_0_38_232, 111.84, 111.52, 1.79927
FILLER_0_38_240, 111.84, 111.52, 1.79927
_0519_, 111.84, 106.08, 1.79931
_0520_, 111.84, 106.08, 1.79931
FILLER_0_35_231, 111.84, 106.08, 1.79931
FILLER_0_35_239, 111.84, 106.08, 1.79931
FILLER_0_36_241, 111.84, 106.08, 1.79931
_0498_, 111.84, 100.64, 1.79928
_0503_, 111.84, 100.64, 1.79928
_0515_, 111.84, 100.64, 1.79928
_0518_, 111.84, 100.64, 1.79928
max_cap24, 111.84, 100.64, 1.79928
FILLER_0_34_240, 111.84, 100.64, 1.79928
_0488_, 111.84, 95.2, 1.79931
_0493_, 111.84, 95.2, 1.79931
_0516_, 111.84, 95.2, 1.79931
_0489_, 111.84, 89.76, 1.79934
_0618_, 111.84, 89.76, 1.79934
_0524_, 111.84, 84.32, 1.79932
_0619_, 111.84, 84.32, 1.79932
_0630_, 111.84, 84.32, 1.79932
FILLER_0_26_228, 111.84, 84.32, 1.79932
FILLER_0_27_221, 111.84, 84.32, 1.79932
FILLER_0_27_234, 111.84, 84.32, 1.79932
_0632_, 111.84, 78.88, 1.79931
_0634_, 111.84, 78.88, 1.79931
_0638_, 111.84, 78.88, 1.79931
FILLER_0_25_237, 111.84, 78.88, 1.79931
_0647_, 111.84, 73.44, 1.7993
_0812_, 111.84, 68, 1.7993
FILLER_0_20_221, 111.84, 68, 1.7993
_0722_, 111.84, 62.56, 1.79921
_0813_, 111.84, 62.56, 1.79921
_1038_, 111.84, 62.56, 1.79921
_1102_, 111.84, 62.56, 1.79921
hold102, 111.84, 62.56, 1.79921
_0530_, 111.84, 57.12, 1.79917
_0958_, 111.84, 57.12, 1.79917
_0959_, 111.84, 57.12, 1.79917
clkbuf_4_7_0_clk, 111.84, 57.12, 1.79917
hold18, 111.84, 57.12, 1.79917
FILLER_0_14_228, 111.84, 51.68, 1.79921
_0496_, 111.84, 46.24, 1.79916
_0960_, 111.84, 46.24, 1.79916
_1103_, 111.84, 46.24, 1.79916
hold99, 111.84, 46.24, 1.79916
FILLER_0_13_221, 111.84, 46.24, 1.79916
_0814_, 111.84, 40.8, 1.79913
_0961_, 111.84, 40.8, 1.79913
_1039_, 111.84, 40.8, 1.79913
FILLER_0_11_225, 111.84, 40.8, 1.79913
_0554_, 111.84, 35.36, 1.79919
_1036_, 111.84, 29.92, 1.79912
hold61, 111.84, 29.92, 1.79912
hold138, 111.84, 29.92, 1.79912
_0808_, 111.84, 24.48, 1.79913
_0996_, 111.84, 24.48, 1.79913
FILLER_0_5_221, 111.84, 24.48, 1.79913
FILLER_0_5_234, 111.84, 24.48, 1.79913
output12, 111.84, 13.6, 1.79916
FILLER_0_0_221, 111.84, 13.6, 1.79916
FILLER_0_0_225, 111.84, 13.6, 1.79916
FILLER_0_54_165, 81.84, 160.48, 1.7992
hold71, 81.84, 155.04, 1.79917
FILLER_0_52_165, 81.84, 155.04, 1.79917
FILLER_0_53_169, 81.84, 155.04, 1.79917
_0865_, 81.84, 149.6, 1.79917
_0869_, 81.84, 149.6, 1.79917
_1060_, 81.84, 149.6, 1.79917
_1062_, 81.84, 149.6, 1.79917
hold23, 81.84, 149.6, 1.79917
FILLER_0_51_161, 81.84, 149.6, 1.79917
FILLER_0_51_169, 81.84, 149.6, 1.79917
_0610_, 81.84, 144.16, 1.79916
FILLER_0_49_160, 81.84, 144.16, 1.79916
FILLER_0_49_169, 81.84, 144.16, 1.79916
_0847_, 81.84, 138.72, 1.7992
hold49, 81.84, 138.72, 1.7992
FILLER_0_47_165, 81.84, 138.72, 1.7992
FILLER_0_47_169, 81.84, 138.72, 1.7992
_0608_, 81.84, 133.28, 1.79921
_0782_, 81.84, 133.28, 1.79921
_0783_, 81.84, 133.28, 1.79921
clkbuf_4_14_0_clk, 81.84, 127.84, 1.79918
FILLER_0_44_168, 81.84, 127.84, 1.79918
_0871_, 81.84, 122.4, 1.79922
hold11, 81.84, 122.4, 1.79922
FILLER_0_41_164, 81.84, 122.4, 1.79922
FILLER_0_41_169, 81.84, 122.4, 1.79922
FILLER_0_42_173, 81.84, 122.4, 1.79922
_0859_, 81.84, 116.96, 1.79924
_1063_, 81.84, 116.96, 1.79924
FILLER_0_39_169, 81.84, 116.96, 1.79924
FILLER_0_40_167, 81.84, 116.96, 1.79924
_0836_, 81.84, 111.52, 1.79931
_0854_, 81.84, 111.52, 1.79931
FILLER_0_37_163, 81.84, 111.52, 1.79931
_0837_, 81.84, 106.08, 1.79933
_0926_, 81.84, 106.08, 1.79933
_0927_, 81.84, 106.08, 1.79933
_0687_, 81.84, 100.64, 1.79935
_0745_, 81.84, 100.64, 1.79935
_0780_, 81.84, 100.64, 1.79935
_0872_, 81.84, 100.64, 1.79935
_0909_, 81.84, 100.64, 1.79935
_0763_, 81.84, 95.2, 1.79942
_0798_, 81.84, 95.2, 1.79942
_0873_, 81.84, 95.2, 1.79942
_0727_, 81.84, 89.76, 1.79945
_0744_, 81.84, 89.76, 1.79945
_0890_, 81.84, 89.76, 1.79945
_0891_, 81.84, 89.76, 1.79945
_0945_, 81.84, 89.76, 1.79945
_0707_, 81.84, 84.32, 1.79938
_0708_, 81.84, 84.32, 1.79938
_0726_, 81.84, 84.32, 1.79938
_0689_, 81.84, 78.88, 1.79938
FILLER_0_25_157, 81.84, 78.88, 1.79938
FILLER_0_25_165, 81.84, 78.88, 1.79938
_0611_, 81.84, 73.44, 1.79933
FILLER_0_23_169, 81.84, 73.44, 1.79933
FILLER_0_24_174, 81.84, 73.44, 1.79933
_0974_, 81.84, 68, 1.79932
hold104, 81.84, 68, 1.79932
_0904_, 81.84, 62.56, 1.79926
FILLER_0_18_165, 81.84, 62.56, 1.79926
FILLER_0_19_162, 81.84, 62.56, 1.79926
_0697_, 81.84, 57.12, 1.79918
_0886_, 81.84, 57.12, 1.79918
_0887_, 81.84, 57.12, 1.79918
_0905_, 81.84, 57.12, 1.79918
_1070_, 81.84, 57.12, 1.79918
_1078_, 81.84, 57.12, 1.79918
FILLER_0_16_156, 81.84, 57.12, 1.79918
FILLER_0_17_159, 81.84, 57.12, 1.79918
FILLER_0_15_161, 81.84, 51.68, 1.79922
_0888_, 81.84, 46.24, 1.79914
_0889_, 81.84, 46.24, 1.79914
_1071_, 81.84, 46.24, 1.79914
hold34, 81.84, 46.24, 1.79914
FILLER_0_13_158, 81.84, 46.24, 1.79914
FILLER_0_13_164, 81.84, 46.24, 1.79914
_0882_, 81.84, 40.8, 1.79913
_0907_, 81.84, 40.8, 1.79913
_1079_, 81.84, 40.8, 1.79913
hold65, 81.84, 35.36, 1.79917
FILLER_0_7_169, 81.84, 29.92, 1.79913
_0690_, 81.84, 24.48, 1.79912
_0691_, 81.84, 24.48, 1.79912
_0613_, 81.84, 19.04, 1.79911
_0984_, 81.84, 19.04, 1.79911
hold93, 81.84, 19.04, 1.79911
_0976_, 81.84, 13.6, 1.79915
output22, 81.84, 13.6, 1.79915
FILLER_0_0_165, 81.84, 13.6, 1.79915
FILLER_0_1_161, 81.84, 13.6, 1.79915
_0867_, 51.84, 155.04, 1.79917
hold98, 51.84, 155.04, 1.79917
FILLER_0_53_96, 51.84, 155.04, 1.79917
FILLER_0_53_104, 51.84, 155.04, 1.79917
FILLER_0_54_109, 51.84, 155.04, 1.79917
_0546_, 51.84, 149.6, 1.79916
_0911_, 51.84, 149.6, 1.79916
_1061_, 51.84, 149.6, 1.79916
hold95, 51.84, 149.6, 1.79916
FILLER_0_51_103, 51.84, 149.6, 1.79916
_1040_, 51.84, 144.16, 1.79915
FILLER_0_48_94, 51.84, 144.16, 1.79915
FILLER_0_49_90, 51.84, 144.16, 1.79915
FILLER_0_50_105, 51.84, 144.16, 1.79915
_0550_, 51.84, 138.72, 1.79917
_0821_, 51.84, 138.72, 1.79917
FILLER_0_47_100, 51.84, 138.72, 1.79917
hold26, 51.84, 133.28, 1.79921
FILLER_0_45_93, 51.84, 133.28, 1.79921
FILLER_0_45_105, 51.84, 133.28, 1.79921
FILLER_0_46_109, 51.84, 133.28, 1.79921
_0570_, 51.84, 127.84, 1.79916
_0916_, 51.84, 127.84, 1.79916
_1059_, 51.84, 127.84, 1.79916
hold126, 51.84, 127.84, 1.79916
FILLER_0_43_107, 51.84, 127.84, 1.79916
_0862_, 51.84, 122.4, 1.79915
clkbuf_4_11_0_clk, 51.84, 122.4, 1.79915
hold29, 51.84, 122.4, 1.79915
hold73, 51.84, 122.4, 1.79915
_0822_, 51.84, 116.96, 1.79922
hold70, 51.84, 116.96, 1.79922
_0594_, 51.84, 111.52, 1.79925
FILLER_0_36_92, 51.84, 111.52, 1.79925
FILLER_0_38_109, 51.84, 111.52, 1.79925
_0860_, 51.84, 106.08, 1.79922
_1058_, 51.84, 106.08, 1.79922
clkbuf_4_9_0_clk, 51.84, 106.08, 1.79922
hold55, 51.84, 106.08, 1.79922
FILLER_0_35_108, 51.84, 106.08, 1.79922
_0824_, 51.84, 100.64, 1.79928
hold25, 51.84, 100.64, 1.79928
FILLER_0_32_97, 51.84, 100.64, 1.79928
FILLER_0_34_110, 51.84, 100.64, 1.79928
_0582_, 51.84, 95.2, 1.79934
_0586_, 51.84, 95.2, 1.79934
FILLER_0_31_105, 51.84, 95.2, 1.79934
hold20, 51.84, 89.76, 1.79935
FILLER_0_28_98, 51.84, 89.76, 1.79935
FILLER_0_29_107, 51.84, 89.76, 1.79935
_0542_, 51.84, 84.32, 1.79929
_0810_, 51.84, 84.32, 1.79929
hold72, 51.84, 84.32, 1.79929
FILLER_0_27_108, 51.84, 84.32, 1.79929
_0543_, 51.84, 78.88, 1.79929
_0719_, 51.84, 78.88, 1.79929
hold127, 51.84, 78.88, 1.79929
FILLER_0_25_108, 51.84, 78.88, 1.79929
_0664_, 51.84, 73.44, 1.79926
_0665_, 51.84, 73.44, 1.79926
FILLER_0_23_107, 51.84, 73.44, 1.79926
hold81, 51.84, 68, 1.79926
FILLER_0_21_107, 51.84, 68, 1.79926
FILLER_0_22_109, 51.84, 68, 1.79926
_0566_, 51.84, 62.56, 1.79917
clkbuf_4_3_0_clk, 51.84, 62.56, 1.79917
FILLER_0_19_95, 51.84, 62.56, 1.79917
_0567_, 51.84, 57.12, 1.79915
_0575_, 51.84, 57.12, 1.79915
_0659_, 51.84, 57.12, 1.79915
_0965_, 51.84, 57.12, 1.79915
_0658_, 51.84, 51.68, 1.79918
hold69, 51.84, 51.68, 1.79918
hold89, 51.84, 51.68, 1.79918
hold135, 51.84, 51.68, 1.79918
FILLER_0_15_103, 51.84, 51.68, 1.79918
_1033_, 51.84, 46.24, 1.79909
clkbuf_4_1_0_clk, 51.84, 46.24, 1.79909
FILLER_0_13_98, 51.84, 46.24, 1.79909
_0590_, 51.84, 40.8, 1.79912
_0712_, 51.84, 40.8, 1.79912
_0802_, 51.84, 40.8, 1.79912
FILLER_0_11_106, 51.84, 40.8, 1.79912
hold35, 51.84, 35.36, 1.79915
FILLER_0_8_93, 51.84, 35.36, 1.79915
FILLER_0_9_105, 51.84, 35.36, 1.79915
FILLER_0_10_109, 51.84, 35.36, 1.79915
_0578_, 51.84, 29.92, 1.79911
_0804_, 51.84, 29.92, 1.79911
_0950_, 51.84, 29.92, 1.79911
hold107, 51.84, 29.92, 1.79911
_0579_, 51.84, 24.48, 1.7991
_0655_, 51.84, 24.48, 1.7991
_0713_, 51.84, 24.48, 1.7991
_0714_, 51.84, 24.48, 1.7991
_0805_, 51.84, 24.48, 1.7991
FILLER_0_5_104, 51.84, 24.48, 1.7991
_0964_, 51.84, 19.04, 1.7991
FILLER_0_3_105, 51.84, 19.04, 1.7991
FILLER_0_4_106, 51.84, 19.04, 1.7991
output17, 51.84, 13.6, 1.79913
hold139, 51.84, 13.6, 1.79913
FILLER_0_0_97, 51.84, 13.6, 1.79913
FILLER_0_1_105, 51.84, 13.6, 1.79913
FILLER_0_52_41, 21.84, 149.6, 1.79918
FILLER_0_49_39, 21.84, 144.16, 1.79918
_0938_, 21.84, 138.72, 1.79917
_0939_, 21.84, 138.72, 1.79917
_1093_, 21.84, 138.72, 1.79917
FILLER_0_46_29, 21.84, 138.72, 1.79917
FILLER_0_47_27, 21.84, 138.72, 1.79917
FILLER_0_48_41, 21.84, 138.72, 1.79917
_0934_, 21.84, 127.84, 1.79919
_0935_, 21.84, 127.84, 1.79919
hold59, 21.84, 127.84, 1.79919
_1011_, 21.84, 122.4, 1.79917
_1091_, 21.84, 122.4, 1.79917
FILLER_0_41_44, 21.84, 122.4, 1.79917
_0930_, 21.84, 116.96, 1.79922
_0931_, 21.84, 116.96, 1.79922
FILLER_0_38_29, 21.84, 116.96, 1.79922
FILLER_0_39_27, 21.84, 116.96, 1.79922
FILLER_0_39_35, 21.84, 116.96, 1.79922
_0749_, 21.84, 111.52, 1.79921
_1009_, 21.84, 111.52, 1.79921
_1089_, 21.84, 111.52, 1.79921
FILLER_0_37_27, 21.84, 111.52, 1.79921
FILLER_0_38_37, 21.84, 111.52, 1.79921
_1090_, 21.84, 106.08, 1.79922
FILLER_0_35_39, 21.84, 106.08, 1.79922
_0932_, 21.84, 100.64, 1.79925
_0933_, 21.84, 100.64, 1.79925
_1010_, 21.84, 100.64, 1.79925
FILLER_0_33_27, 21.84, 100.64, 1.79925
FILLER_0_33_36, 21.84, 100.64, 1.79925
_0884_, 21.84, 95.2, 1.79928
hold39, 21.84, 95.2, 1.79928
FILLER_0_32_41, 21.84, 95.2, 1.79928
_0544_, 21.84, 89.76, 1.79928
_0902_, 21.84, 89.76, 1.79928
hold48, 21.84, 89.76, 1.79928
FILLER_0_29_43, 21.84, 89.76, 1.79928
hold53, 21.84, 84.32, 1.79927
FILLER_0_27_39, 21.84, 84.32, 1.79927
FILLER_0_28_41, 21.84, 84.32, 1.79927
_0604_, 21.84, 78.88, 1.79923
hold110, 21.84, 78.88, 1.79923
_0729_, 21.84, 73.44, 1.79924
FILLER_0_24_41, 21.84, 73.44, 1.79924
_0898_, 21.84, 68, 1.79921
FILLER_0_21_45, 21.84, 68, 1.79921
_0568_, 21.84, 62.56, 1.79915
_0735_, 21.84, 62.56, 1.79915
_1003_, 21.84, 62.56, 1.79915
hold112, 21.84, 62.56, 1.79915
FILLER_0_19_34, 21.84, 62.56, 1.79915
_0877_, 21.84, 57.12, 1.79914
_1019_, 21.84, 57.12, 1.79914
hold120, 21.84, 57.12, 1.79914
FILLER_0_17_44, 21.84, 57.12, 1.79914
_0876_, 21.84, 51.68, 1.79916
_0894_, 21.84, 51.68, 1.79916
hold30, 21.84, 51.68, 1.79916
FILLER_0_16_39, 21.84, 51.68, 1.79916
_0592_, 21.84, 46.24, 1.7991
hold36, 21.84, 46.24, 1.7991
FILLER_0_12_29, 21.84, 46.24, 1.7991
FILLER_0_13_45, 21.84, 46.24, 1.7991
_0580_, 21.84, 40.8, 1.79913
_0878_, 21.84, 40.8, 1.79913
FILLER_0_11_46, 21.84, 40.8, 1.79913
FILLER_0_12_40, 21.84, 40.8, 1.79913
_0733_, 21.84, 29.92, 1.79912
FILLER_0_7_39, 21.84, 29.92, 1.79912
FILLER_0_6_41, 21.84, 24.48, 1.79913
output14, 21.84, 13.6, 1.79912
PHY_108, 5.52, 160.48, 1.7992
PHY_109, 156.4, 160.48, 1.79923
FILLER_0_54_53, 31.84, 160.48, 1.7992
FILLER_0_54_57, 31.84, 160.48, 1.7992
input6, 61.84, 160.48, 1.7992
FILLER_0_54_113, 61.84, 160.48, 1.7992
output20, 91.84, 160.48, 1.79918
hold105, 91.84, 160.48, 1.79918
FILLER_0_54_249, 121.84, 160.48, 1.79922
FILLER_0_54_271, 131.84, 160.48, 1.79922
input7, 149.12, 160.48, 1.79923
FILLER_0_54_305, 149.12, 160.48, 1.79923
PHY_104, 5.52, 155.04, 1.79918
PHY_106, 5.52, 155.04, 1.79918
input10, 5.52, 155.04, 1.79918
PHY_105, 156.4, 155.04, 1.79922
PHY_107, 156.4, 155.04, 1.79922
FILLER_0_52_321, 156.4, 155.04, 1.79922
FILLER_0_54_19, 13.68, 155.04, 1.79918
_0929_, 31.84, 155.04, 1.79915
_1088_, 31.84, 155.04, 1.79915
input5, 31.84, 155.04, 1.79915
hold131, 31.84, 155.04, 1.79915
FILLER_0_53_51, 31.84, 155.04, 1.79915
FILLER_0_53_57, 31.84, 155.04, 1.79915
_0866_, 61.84, 155.04, 1.79914
_1080_, 61.84, 155.04, 1.79914
hold64, 61.84, 155.04, 1.79914
_0857_, 71.84, 155.04, 1.79915
_1056_, 71.84, 155.04, 1.79915
_0864_, 91.84, 155.04, 1.79915
_0868_, 91.84, 155.04, 1.79915
hold96, 91.84, 155.04, 1.79915
_0919_, 101.84, 155.04, 1.79915
_0941_, 101.84, 155.04, 1.79915
_1094_, 101.84, 155.04, 1.79915
FILLER_0_52_205, 101.84, 155.04, 1.79915
FILLER_0_53_205, 101.84, 155.04, 1.79915
FILLER_0_53_214, 101.84, 155.04, 1.79915
_0922_, 121.84, 155.04, 1.79917
_0923_, 121.84, 155.04, 1.79917
output21, 121.84, 155.04, 1.79917
hold115, 121.84, 155.04, 1.79917
FILLER_0_53_243, 121.84, 155.04, 1.79917
FILLER_0_53_270, 131.84, 155.04, 1.79919
FILLER_0_52_305, 149.12, 155.04, 1.79922
FILLER_0_53_317, 149.12, 155.04, 1.79922
FILLER_0_54_315, 149.12, 155.04, 1.79922
PHY_100, 5.52, 149.6, 1.79918
PHY_102, 5.52, 149.6, 1.79918
input1, 5.52, 149.6, 1.79918
PHY_101, 156.4, 149.6, 1.79922
PHY_103, 156.4, 149.6, 1.79922
FILLER_0_50_321, 156.4, 149.6, 1.79922
_0928_, 31.84, 149.6, 1.79916
_1085_, 31.84, 149.6, 1.79916
FILLER_0_51_66, 31.84, 149.6, 1.79916
_0831_, 41.84, 149.6, 1.79915
_0920_, 41.84, 149.6, 1.79915
_0921_, 41.84, 149.6, 1.79915
_0910_, 61.84, 149.6, 1.79915
hold52, 61.84, 149.6, 1.79915
hold108, 61.84, 149.6, 1.79915
FILLER_0_51_130, 61.84, 149.6, 1.79915
_0856_, 71.84, 149.6, 1.79916
FILLER_0_50_135, 71.84, 149.6, 1.79916
FILLER_0_50_141, 71.84, 149.6, 1.79916
FILLER_0_52_192, 91.84, 149.6, 1.79917
FILLER_0_52_197, 91.84, 149.6, 1.79917
_0535_, 101.84, 149.6, 1.79918
_0940_, 101.84, 149.6, 1.79918
FILLER_0_50_206, 101.84, 149.6, 1.79918
FILLER_0_51_203, 101.84, 149.6, 1.79918
_0828_, 121.84, 149.6, 1.79918
_1086_, 121.84, 149.6, 1.79918
hold54, 121.84, 149.6, 1.79918
FILLER_0_51_277, 131.84, 149.6, 1.7992
FILLER_0_51_317, 149.12, 149.6, 1.79922
PHY_96, 5.52, 144.16, 1.79918
PHY_98, 5.52, 144.16, 1.79918
PHY_97, 156.4, 144.16, 1.79922
PHY_99, 156.4, 144.16, 1.79922
FILLER_0_48_321, 156.4, 144.16, 1.79922
_0747_, 31.84, 144.16, 1.79914
_1008_, 31.84, 144.16, 1.79914
hold124, 31.84, 144.16, 1.79914
_1045_, 41.84, 144.16, 1.79914
hold128, 41.84, 144.16, 1.79914
FILLER_0_50_81, 41.84, 144.16, 1.79914
FILLER_0_50_85, 41.84, 144.16, 1.79914
_0547_, 61.84, 144.16, 1.79913
_0606_, 61.84, 144.16, 1.79913
_0820_, 61.84, 144.16, 1.79913
_1053_, 61.84, 144.16, 1.79913
_0838_, 71.84, 144.16, 1.79913
_0839_, 71.84, 144.16, 1.79913
_1048_, 71.84, 144.16, 1.79913
hold46, 71.84, 144.16, 1.79913
_0850_, 91.84, 144.16, 1.79914
_0851_, 91.84, 144.16, 1.79914
_1052_, 91.84, 144.16, 1.79914
hold45, 91.84, 144.16, 1.79914
FILLER_0_49_177, 91.84, 144.16, 1.79914
_0559_, 101.84, 144.16, 1.79914
_0937_, 101.84, 144.16, 1.79914
_1092_, 101.84, 144.16, 1.79914
hold79, 101.84, 144.16, 1.79914
_0534_, 121.84, 144.16, 1.79917
_0832_, 121.84, 144.16, 1.79917
_1046_, 121.84, 144.16, 1.79917
FILLER_0_48_247, 121.84, 144.16, 1.79917
FILLER_0_49_245, 121.84, 144.16, 1.79917
_0833_, 131.84, 144.16, 1.79919
hold15, 131.84, 144.16, 1.79919
FILLER_0_49_276, 131.84, 144.16, 1.79919
FILLER_0_49_317, 149.12, 144.16, 1.79922
PHY_92, 5.52, 138.72, 1.79917
PHY_94, 5.52, 138.72, 1.79917
PHY_93, 156.4, 138.72, 1.79923
PHY_95, 156.4, 138.72, 1.79923
FILLER_0_46_321, 156.4, 138.72, 1.79923
_0746_, 31.84, 138.72, 1.79914
_0756_, 31.84, 138.72, 1.79914
_0757_, 31.84, 138.72, 1.79914
_1013_, 31.84, 138.72, 1.79914
FILLER_0_46_49, 31.84, 138.72, 1.79914
_0609_, 41.84, 138.72, 1.79915
_0830_, 41.84, 138.72, 1.79915
hold125, 41.84, 138.72, 1.79915
FILLER_0_48_81, 41.84, 138.72, 1.79915
_0548_, 61.84, 138.72, 1.79915
_0793_, 61.84, 138.72, 1.79915
_0848_, 61.84, 138.72, 1.79915
_0849_, 61.84, 138.72, 1.79915
_1029_, 61.84, 138.72, 1.79915
FILLER_0_47_113, 61.84, 138.72, 1.79915
_0607_, 71.84, 138.72, 1.79917
hold37, 71.84, 138.72, 1.79917
FILLER_0_46_137, 71.84, 138.72, 1.79917
_0846_, 91.84, 138.72, 1.79918
_1054_, 91.84, 138.72, 1.79918
FILLER_0_46_187, 91.84, 138.72, 1.79918
FILLER_0_48_193, 91.84, 138.72, 1.79918
_0936_, 101.84, 138.72, 1.79918
FILLER_0_47_218, 101.84, 138.72, 1.79918
_0538_, 121.84, 138.72, 1.79919
FILLER_0_46_243, 121.84, 138.72, 1.79919
_0666_, 131.84, 138.72, 1.7992
hold32, 131.84, 138.72, 1.7992
FILLER_0_47_274, 131.84, 138.72, 1.7992
FILLER_0_47_317, 149.12, 138.72, 1.79923
PHY_88, 5.52, 133.28, 1.79921
PHY_90, 5.52, 133.28, 1.79921
PHY_89, 156.4, 133.28, 1.79924
PHY_91, 156.4, 133.28, 1.79924
FILLER_0_44_321, 156.4, 133.28, 1.79924
_0549_, 31.84, 133.28, 1.79921
FILLER_0_45_51, 31.84, 133.28, 1.79921
FILLER_0_44_77, 41.84, 133.28, 1.79921
_0792_, 61.84, 133.28, 1.7992
_1024_, 71.84, 133.28, 1.79919
hold38, 71.84, 133.28, 1.79919
FILLER_0_45_147, 71.84, 133.28, 1.79919
FILLER_0_46_149, 71.84, 133.28, 1.79919
FILLER_0_44_183, 91.84, 133.28, 1.7992
FILLER_0_45_193, 91.84, 133.28, 1.7992
_0754_, 101.84, 133.28, 1.79919
_0758_, 101.84, 133.28, 1.79919
_0759_, 101.84, 133.28, 1.79919
_1014_, 101.84, 133.28, 1.79919
_0536_, 121.84, 133.28, 1.79919
_0560_, 121.84, 133.28, 1.79919
_0791_, 121.84, 133.28, 1.79919
_0794_, 121.84, 133.28, 1.79919
_1030_, 121.84, 133.28, 1.79919
FILLER_0_44_246, 121.84, 133.28, 1.79919
FILLER_0_46_253, 121.84, 133.28, 1.79919
_0795_, 131.84, 133.28, 1.79921
FILLER_0_45_276, 131.84, 133.28, 1.79921
FILLER_0_44_305, 149.12, 133.28, 1.79924
FILLER_0_45_317, 149.12, 133.28, 1.79924
PHY_84, 5.52, 127.84, 1.79919
PHY_86, 5.52, 127.84, 1.79919
PHY_85, 156.4, 127.84, 1.79921
PHY_87, 156.4, 127.84, 1.79921
output19, 156.4, 127.84, 1.79921
FILLER_0_43_49, 31.84, 127.84, 1.79917
_0826_, 41.84, 127.84, 1.79914
_0827_, 41.84, 127.84, 1.79914
_0917_, 41.84, 127.84, 1.79914
_1043_, 41.84, 127.84, 1.79914
_1083_, 41.84, 127.84, 1.79914
FILLER_0_43_69, 41.84, 127.84, 1.79914
_0788_, 61.84, 127.84, 1.79914
_0789_, 61.84, 127.84, 1.79914
_1027_, 61.84, 127.84, 1.79914
_1051_, 61.84, 127.84, 1.79914
FILLER_0_42_116, 61.84, 127.84, 1.79914
hold22, 71.84, 127.84, 1.79916
FILLER_0_42_135, 71.84, 127.84, 1.79916
FILLER_0_44_149, 71.84, 127.84, 1.79916
_0660_, 91.84, 127.84, 1.79914
_0852_, 91.84, 127.84, 1.79914
_0870_, 91.84, 127.84, 1.79914
clkbuf_4_15_0_clk, 91.84, 127.84, 1.79914
FILLER_0_43_193, 91.84, 127.84, 1.79914
_1012_, 101.84, 127.84, 1.79917
FILLER_0_43_219, 101.84, 127.84, 1.79917
_0790_, 121.84, 127.84, 1.7992
_1028_, 121.84, 127.84, 1.7992
hold62, 121.84, 127.84, 1.7992
FILLER_0_42_249, 121.84, 127.84, 1.7992
FILLER_0_43_317, 149.12, 127.84, 1.79922
PHY_80, 5.52, 122.4, 1.79917
PHY_82, 5.52, 122.4, 1.79917
PHY_81, 156.4, 122.4, 1.79926
PHY_83, 156.4, 122.4, 1.79926
FILLER_0_40_321, 156.4, 122.4, 1.79926
_0573_, 31.84, 122.4, 1.79913
_0752_, 31.84, 122.4, 1.79913
_0753_, 31.84, 122.4, 1.79913
hold121, 31.84, 122.4, 1.79913
FILLER_0_41_50, 31.84, 122.4, 1.79913
FILLER_0_41_64, 31.84, 122.4, 1.79913
_0863_, 41.84, 122.4, 1.79911
clkbuf_4_10_0_clk, 41.84, 122.4, 1.79911
FILLER_0_41_72, 41.84, 122.4, 1.79911
FILLER_0_41_86, 41.84, 122.4, 1.79911
FILLER_0_42_80, 41.84, 122.4, 1.79911
FILLER_0_42_85, 41.84, 122.4, 1.79911
_0571_, 61.84, 122.4, 1.79915
_0572_, 61.84, 122.4, 1.79915
_0574_, 61.84, 122.4, 1.79915
_0844_, 61.84, 122.4, 1.79915
_0845_, 61.84, 122.4, 1.79915
_1049_, 71.84, 122.4, 1.79917
hold21, 71.84, 122.4, 1.79917
FILLER_0_41_139, 71.84, 122.4, 1.79917
_1055_, 91.84, 122.4, 1.79919
hold16, 91.84, 122.4, 1.79919
hold44, 91.84, 122.4, 1.79919
_0514_, 101.84, 122.4, 1.7992
_0761_, 101.84, 122.4, 1.7992
_0942_, 101.84, 122.4, 1.7992
_0943_, 101.84, 122.4, 1.7992
_1095_, 101.84, 122.4, 1.7992
hold41, 121.84, 122.4, 1.79923
hold50, 121.84, 122.4, 1.79923
FILLER_0_41_275, 131.84, 122.4, 1.79925
FILLER_0_41_317, 149.12, 122.4, 1.79926
PHY_76, 5.52, 116.96, 1.79922
PHY_78, 5.52, 116.96, 1.79922
input9, 5.52, 116.96, 1.79922
PHY_77, 156.4, 116.96, 1.79926
PHY_79, 156.4, 116.96, 1.79926
FILLER_0_38_321, 156.4, 116.96, 1.79926
FILLER_0_40_21, 13.68, 116.96, 1.79922
_0748_, 31.84, 116.96, 1.79921
hold60, 31.84, 116.96, 1.79921
_0823_, 41.84, 116.96, 1.7992
_1041_, 41.84, 116.96, 1.7992
FILLER_0_39_69, 41.84, 116.96, 1.7992
FILLER_0_40_85, 41.84, 116.96, 1.7992
_0596_, 61.84, 116.96, 1.7992
_0598_, 61.84, 116.96, 1.7992
_0785_, 61.84, 116.96, 1.7992
FILLER_0_39_131, 61.84, 116.96, 1.7992
FILLER_0_40_131, 61.84, 116.96, 1.7992
_0840_, 71.84, 116.96, 1.7992
_0841_, 71.84, 116.96, 1.7992
_1057_, 71.84, 116.96, 1.7992
hold40, 71.84, 116.96, 1.7992
_0853_, 91.84, 116.96, 1.7992
clkbuf_4_12_0_clk, 91.84, 116.96, 1.7992
FILLER_0_40_189, 91.84, 116.96, 1.7992
FILLER_0_40_197, 91.84, 116.96, 1.7992
_0760_, 101.84, 116.96, 1.7992
_1015_, 101.84, 116.96, 1.7992
_0511_, 121.84, 116.96, 1.79921
_0796_, 121.84, 116.96, 1.79921
_0834_, 121.84, 116.96, 1.79921
_0835_, 121.84, 116.96, 1.79921
_1047_, 121.84, 116.96, 1.79921
_0797_, 131.84, 116.96, 1.79923
hold56, 131.84, 116.96, 1.79923
FILLER_0_39_317, 149.12, 116.96, 1.79926
PHY_72, 5.52, 111.52, 1.79921
PHY_74, 5.52, 111.52, 1.79921
PHY_73, 156.4, 111.52, 1.79929
PHY_75, 156.4, 111.52, 1.79929
FILLER_0_36_321, 156.4, 111.52, 1.79929
_0597_, 31.84, 111.52, 1.7992
_1081_, 31.84, 111.52, 1.7992
hold122, 31.84, 111.52, 1.7992
FILLER_0_37_49, 31.84, 111.52, 1.7992
FILLER_0_38_65, 31.84, 111.52, 1.7992
_0912_, 41.84, 111.52, 1.79922
_0913_, 41.84, 111.52, 1.79922
_0914_, 41.84, 111.52, 1.79922
_0784_, 61.84, 111.52, 1.79925
_1025_, 61.84, 111.52, 1.79925
FILLER_0_37_125, 61.84, 111.52, 1.79925
_0595_, 71.84, 111.52, 1.79927
_0858_, 71.84, 111.52, 1.79927
hold63, 71.84, 111.52, 1.79927
FILLER_0_37_138, 71.84, 111.52, 1.79927
clkbuf_4_13_0_clk, 101.84, 111.52, 1.79925
FILLER_0_37_217, 101.84, 111.52, 1.79925
_0517_, 121.84, 111.52, 1.79926
_1031_, 121.84, 111.52, 1.79926
wire1, 121.84, 111.52, 1.79926
FILLER_0_36_249, 121.84, 111.52, 1.79926
FILLER_0_37_276, 131.84, 111.52, 1.79927
FILLER_0_36_305, 149.12, 111.52, 1.79929
FILLER_0_37_317, 149.12, 111.52, 1.79929
PHY_68, 5.52, 106.08, 1.79922
PHY_70, 5.52, 106.08, 1.79922
PHY_69, 156.4, 106.08, 1.79931
PHY_71, 156.4, 106.08, 1.79931
FILLER_0_34_321, 156.4, 106.08, 1.79931
_0585_, 31.84, 106.08, 1.79919
hold31, 31.84, 106.08, 1.79919
hold91, 31.84, 106.08, 1.79919
FILLER_0_35_64, 31.84, 106.08, 1.79919
FILLER_0_36_65, 31.84, 106.08, 1.79919
_0861_, 41.84, 106.08, 1.79918
clkbuf_4_8_0_clk, 41.84, 106.08, 1.79918
hold129, 41.84, 106.08, 1.79918
FILLER_0_36_85, 41.84, 106.08, 1.79918
_0583_, 61.84, 106.08, 1.79923
_0787_, 61.84, 106.08, 1.79923
_0842_, 61.84, 106.08, 1.79923
_1050_, 61.84, 106.08, 1.79923
FILLER_0_36_133, 61.84, 106.08, 1.79923
_0855_, 71.84, 106.08, 1.79927
wire27, 71.84, 106.08, 1.79927
hold42, 71.84, 106.08, 1.79927
FILLER_0_36_149, 71.84, 106.08, 1.79927
_0908_, 91.84, 106.08, 1.79931
_0975_, 91.84, 106.08, 1.79931
_0677_, 101.84, 106.08, 1.79931
_0508_, 121.84, 106.08, 1.7993
_0509_, 121.84, 106.08, 1.7993
_0510_, 121.84, 106.08, 1.7993
max_cap28, 121.84, 106.08, 1.7993
FILLER_0_34_305, 149.12, 106.08, 1.79931
FILLER_0_35_317, 149.12, 106.08, 1.79931
PHY_64, 5.52, 100.64, 1.79925
PHY_66, 5.52, 100.64, 1.79925
PHY_65, 156.4, 100.64, 1.79931
PHY_67, 156.4, 100.64, 1.79931
FILLER_0_32_321, 156.4, 100.64, 1.79931
_0750_, 31.84, 100.64, 1.79923
_0751_, 31.84, 100.64, 1.79923
_1082_, 31.84, 100.64, 1.79923
FILLER_0_33_66, 31.84, 100.64, 1.79923
_0825_, 41.84, 100.64, 1.79925
_0915_, 41.84, 100.64, 1.79925
_1042_, 41.84, 100.64, 1.79925
FILLER_0_32_75, 41.84, 100.64, 1.79925
FILLER_0_33_72, 41.84, 100.64, 1.79925
FILLER_0_34_85, 41.84, 100.64, 1.79925
_0584_, 61.84, 100.64, 1.79928
_0786_, 61.84, 100.64, 1.79928
_0843_, 61.84, 100.64, 1.79928
_1026_, 61.84, 100.64, 1.79928
FILLER_0_32_115, 61.84, 100.64, 1.79928
FILLER_0_33_113, 61.84, 100.64, 1.79928
_0781_, 71.84, 100.64, 1.79931
wire23, 71.84, 100.64, 1.79931
FILLER_0_33_146, 71.84, 100.64, 1.79931
FILLER_0_34_149, 71.84, 100.64, 1.79931
_0627_, 91.84, 100.64, 1.7993
_0628_, 91.84, 100.64, 1.7993
_0819_, 91.84, 100.64, 1.7993
_0944_, 91.84, 100.64, 1.7993
FILLER_0_32_182, 91.84, 100.64, 1.7993
FILLER_0_34_192, 91.84, 100.64, 1.7993
_0505_, 101.84, 100.64, 1.79927
_0512_, 101.84, 100.64, 1.79927
_0513_, 101.84, 100.64, 1.79927
FILLER_0_32_203, 101.84, 100.64, 1.79927
FILLER_0_33_204, 101.84, 100.64, 1.79927
_0491_, 121.84, 100.64, 1.79927
_0492_, 121.84, 100.64, 1.79927
max_cap26, 121.84, 100.64, 1.79927
FILLER_0_32_269, 131.84, 100.64, 1.79929
FILLER_0_33_317, 149.12, 100.64, 1.79931
PHY_60, 5.52, 95.2, 1.79927
PHY_62, 5.52, 95.2, 1.79927
PHY_61, 156.4, 95.2, 1.79929
PHY_63, 156.4, 95.2, 1.79929
FILLER_0_30_321, 156.4, 95.2, 1.79929
_0885_, 13.68, 95.2, 1.79927
_1069_, 13.68, 95.2, 1.79927
FILLER_0_31_19, 13.68, 95.2, 1.79927
FILLER_0_31_49, 31.84, 95.2, 1.7993
FILLER_0_30_77, 41.84, 95.2, 1.79932
_0495_, 71.84, 95.2, 1.79939
_0762_, 71.84, 95.2, 1.79939
FILLER_0_30_137, 71.84, 95.2, 1.79939
FILLER_0_30_141, 71.84, 95.2, 1.79939
FILLER_0_31_149, 71.84, 95.2, 1.79939
FILLER_0_32_153, 71.84, 95.2, 1.79939
_0816_, 91.84, 95.2, 1.79937
_0818_, 91.84, 95.2, 1.79937
FILLER_0_30_187, 91.84, 95.2, 1.79937
FILLER_0_31_195, 91.84, 95.2, 1.79937
_0500_, 101.84, 95.2, 1.79933
_0504_, 101.84, 95.2, 1.79933
_0817_, 101.84, 95.2, 1.79933
FILLER_0_30_209, 101.84, 95.2, 1.79933
_0482_, 121.84, 95.2, 1.79928
_0499_, 121.84, 95.2, 1.79928
_0973_, 121.84, 95.2, 1.79928
FILLER_0_31_249, 121.84, 95.2, 1.79928
_0675_, 131.84, 95.2, 1.79929
output18, 149.12, 95.2, 1.79929
PHY_56, 5.52, 89.76, 1.79925
PHY_58, 5.52, 89.76, 1.79925
input4, 5.52, 89.76, 1.79925
FILLER_0_29_7, 5.52, 89.76, 1.79925
FILLER_0_30_3, 5.52, 89.76, 1.79925
PHY_57, 156.4, 89.76, 1.79932
PHY_59, 156.4, 89.76, 1.79932
FILLER_0_28_321, 156.4, 89.76, 1.79932
FILLER_0_29_321, 156.4, 89.76, 1.79932
_0903_, 13.68, 89.76, 1.79926
_1077_, 13.68, 89.76, 1.79926
_0663_, 31.84, 89.76, 1.79927
_0774_, 31.84, 89.76, 1.79927
_0775_, 31.84, 89.76, 1.79927
_1021_, 31.84, 89.76, 1.79927
hold33, 31.84, 89.76, 1.79927
FILLER_0_30_58, 31.84, 89.76, 1.79927
_0646_, 41.84, 89.76, 1.79929
_0957_, 41.84, 89.76, 1.79929
_1101_, 41.84, 89.76, 1.79929
FILLER_0_29_80, 41.84, 89.76, 1.79929
_0801_, 61.84, 89.76, 1.79936
_0947_, 61.84, 89.76, 1.79936
_1032_, 61.84, 89.76, 1.79936
FILLER_0_28_116, 61.84, 89.76, 1.79936
FILLER_0_29_113, 61.84, 89.76, 1.79936
FILLER_0_30_129, 61.84, 89.76, 1.79936
_0799_, 71.84, 89.76, 1.7994
_0800_, 71.84, 89.76, 1.7994
hold109, 71.84, 89.76, 1.7994
FILLER_0_29_139, 71.84, 89.76, 1.7994
FILLER_0_30_150, 71.84, 89.76, 1.7994
_0624_, 91.84, 89.76, 1.7994
_0686_, 91.84, 89.76, 1.7994
max_cap25, 91.84, 89.76, 1.7994
FILLER_0_28_177, 91.84, 89.76, 1.7994
FILLER_0_29_187, 91.84, 89.76, 1.7994
_0494_, 101.84, 89.76, 1.79936
_0501_, 101.84, 89.76, 1.79936
_0622_, 101.84, 89.76, 1.79936
_0625_, 101.84, 89.76, 1.79936
FILLER_0_29_212, 101.84, 89.76, 1.79936
_0480_, 121.84, 89.76, 1.79927
_0483_, 121.84, 89.76, 1.79927
_0486_, 121.84, 89.76, 1.79927
_0487_, 121.84, 89.76, 1.79927
_0490_, 121.84, 89.76, 1.79927
_0631_, 121.84, 89.76, 1.79927
FILLER_0_28_249, 121.84, 89.76, 1.79927
_0637_, 131.84, 89.76, 1.79929
_0674_, 131.84, 89.76, 1.79929
_0972_, 131.84, 89.76, 1.79929
FILLER_0_28_268, 131.84, 89.76, 1.79929
FILLER_0_29_277, 131.84, 89.76, 1.79929
PHY_52, 5.52, 84.32, 1.79927
PHY_54, 5.52, 84.32, 1.79927
PHY_53, 156.4, 84.32, 1.79932
PHY_55, 156.4, 84.32, 1.79932
FILLER_0_26_321, 156.4, 84.32, 1.79932
_0892_, 13.68, 84.32, 1.79927
_0893_, 13.68, 84.32, 1.79927
FILLER_0_28_18, 13.68, 84.32, 1.79927
_0738_, 31.84, 84.32, 1.79925
_0739_, 31.84, 84.32, 1.79925
_1005_, 31.84, 84.32, 1.79925
hold78, 31.84, 84.32, 1.79925
FILLER_0_27_47, 31.84, 84.32, 1.79925
FILLER_0_27_53, 31.84, 84.32, 1.79925
_0545_, 41.84, 84.32, 1.79926
_0956_, 41.84, 84.32, 1.79926
_1037_, 41.84, 84.32, 1.79926
FILLER_0_26_73, 41.84, 84.32, 1.79926
FILLER_0_28_79, 41.84, 84.32, 1.79926
FILLER_0_28_85, 41.84, 84.32, 1.79926
_0551_, 61.84, 84.32, 1.79925
_0946_, 61.84, 84.32, 1.79925
_1096_, 61.84, 84.32, 1.79925
FILLER_0_27_118, 61.84, 84.32, 1.79925
FILLER_0_27_126, 61.84, 84.32, 1.79925
_0602_, 71.84, 84.32, 1.79923
clkbuf_0_clk, 71.84, 84.32, 1.79923
hold19, 71.84, 84.32, 1.79923
FILLER_0_28_150, 71.84, 84.32, 1.79923
_0626_, 91.84, 84.32, 1.79933
_0645_, 91.84, 84.32, 1.79933
_0688_, 91.84, 84.32, 1.79933
_0706_, 91.84, 84.32, 1.79933
_0725_, 91.84, 84.32, 1.79933
FILLER_0_26_179, 91.84, 84.32, 1.79933
FILLER_0_27_190, 91.84, 84.32, 1.79933
_0502_, 101.84, 84.32, 1.79931
_0525_, 101.84, 84.32, 1.79931
_0623_, 101.84, 84.32, 1.79931
FILLER_0_26_205, 101.84, 84.32, 1.79931
_0484_, 121.84, 84.32, 1.79928
_0636_, 121.84, 84.32, 1.79928
_0639_, 121.84, 84.32, 1.79928
_0640_, 121.84, 84.32, 1.79928
max_cap29, 121.84, 84.32, 1.79928
_0673_, 131.84, 84.32, 1.79929
_0971_, 131.84, 84.32, 1.79929
FILLER_0_27_320, 149.12, 84.32, 1.79932
_0875_, 5.52, 78.88, 1.79919
PHY_48, 5.52, 78.88, 1.79919
PHY_50, 5.52, 78.88, 1.79919
FILLER_0_25_3, 5.52, 78.88, 1.79919
FILLER_0_26_3, 5.52, 78.88, 1.79919
PHY_49, 156.4, 78.88, 1.7993
PHY_51, 156.4, 78.88, 1.7993
FILLER_0_24_321, 156.4, 78.88, 1.7993
_0874_, 13.68, 78.88, 1.79919
_1064_, 13.68, 78.88, 1.79919
_1072_, 13.68, 78.88, 1.79919
FILLER_0_26_25, 13.68, 78.88, 1.79919
_0728_, 31.84, 78.88, 1.79922
_1016_, 31.84, 78.88, 1.79922
hold140, 31.84, 78.88, 1.79922
FILLER_0_25_49, 31.84, 78.88, 1.79922
_0720_, 41.84, 78.88, 1.79924
_0811_, 41.84, 78.88, 1.79924
_0997_, 41.84, 78.88, 1.79924
FILLER_0_25_74, 41.84, 78.88, 1.79924
FILLER_0_26_81, 41.84, 78.88, 1.79924
_0552_, 61.84, 78.88, 1.79929
_0701_, 61.84, 78.88, 1.79929
_0989_, 61.84, 78.88, 1.79929
hold82, 61.84, 78.88, 1.79929
FILLER_0_25_113, 61.84, 78.88, 1.79929
FILLER_0_25_121, 61.84, 78.88, 1.79929
FILLER_0_26_130, 61.84, 78.88, 1.79929
hold77, 71.84, 78.88, 1.79934
FILLER_0_24_137, 71.84, 78.88, 1.79934
FILLER_0_26_148, 71.84, 78.88, 1.79934
_0481_, 91.84, 78.88, 1.79932
_0526_, 91.84, 78.88, 1.79932
_0615_, 91.84, 78.88, 1.79932
_0616_, 91.84, 78.88, 1.79932
_0629_, 91.84, 78.88, 1.79932
_0641_, 91.84, 78.88, 1.79932
_0527_, 101.84, 78.88, 1.7993
_0642_, 101.84, 78.88, 1.7993
_0643_, 101.84, 78.88, 1.7993
FILLER_0_25_210, 101.84, 78.88, 1.7993
_0485_, 121.84, 78.88, 1.79927
_0633_, 121.84, 78.88, 1.79927
_0635_, 121.84, 78.88, 1.79927
FILLER_0_26_260, 121.84, 78.88, 1.79927
_0541_, 131.84, 78.88, 1.79928
hold57, 131.84, 78.88, 1.79928
FILLER_0_24_265, 131.84, 78.88, 1.79928
FILLER_0_25_269, 131.84, 78.88, 1.79928
FILLER_0_25_317, 149.12, 78.88, 1.7993
PHY_44, 5.52, 73.44, 1.79924
PHY_46, 5.52, 73.44, 1.79924
FILLER_0_24_3, 5.52, 73.44, 1.79924
PHY_45, 156.4, 73.44, 1.79927
PHY_47, 156.4, 73.44, 1.79927
FILLER_0_22_321, 156.4, 73.44, 1.79927
FILLER_0_23_321, 156.4, 73.44, 1.79927
_0764_, 31.84, 73.44, 1.79921
_0765_, 31.84, 73.44, 1.79921
_1000_, 31.84, 73.44, 1.79921
hold43, 31.84, 73.44, 1.79921
_0605_, 41.84, 73.44, 1.79922
_0967_, 41.84, 73.44, 1.79922
FILLER_0_22_77, 41.84, 73.44, 1.79922
FILLER_0_23_82, 41.84, 73.44, 1.79922
FILLER_0_24_79, 41.84, 73.44, 1.79922
FILLER_0_24_85, 41.84, 73.44, 1.79922
_0700_, 61.84, 73.44, 1.79924
_0981_, 61.84, 73.44, 1.79924
hold14, 61.84, 73.44, 1.79924
FILLER_0_23_113, 61.84, 73.44, 1.79924
_0603_, 71.84, 73.44, 1.79926
_0683_, 71.84, 73.44, 1.79926
_0709_, 71.84, 73.44, 1.79926
_0710_, 71.84, 73.44, 1.79926
_0992_, 71.84, 73.44, 1.79926
hold13, 71.84, 73.44, 1.79926
hold80, 71.84, 73.44, 1.79926
FILLER_0_24_149, 71.84, 73.44, 1.79926
_0614_, 91.84, 73.44, 1.79931
_0617_, 91.84, 73.44, 1.79931
_0620_, 91.84, 73.44, 1.79931
_0621_, 91.84, 73.44, 1.79931
FILLER_0_23_181, 91.84, 73.44, 1.79931
FILLER_0_24_193, 91.84, 73.44, 1.79931
_0644_, 101.84, 73.44, 1.79929
_0648_, 101.84, 73.44, 1.79929
_0970_, 101.84, 73.44, 1.79929
FILLER_0_23_208, 101.84, 73.44, 1.79929
FILLER_0_23_220, 101.84, 73.44, 1.79929
FILLER_0_22_245, 121.84, 73.44, 1.79928
_0540_, 131.84, 73.44, 1.79926
_0672_, 131.84, 73.44, 1.79926
_0702_, 131.84, 73.44, 1.79926
_0703_, 131.84, 73.44, 1.79926
_0990_, 131.84, 73.44, 1.79926
FILLER_0_22_265, 131.84, 73.44, 1.79926
_0684_, 149.12, 73.44, 1.79927
PHY_40, 5.52, 68, 1.79919
PHY_42, 5.52, 68, 1.79919
FILLER_0_21_3, 5.52, 68, 1.79919
PHY_41, 156.4, 68, 1.79929
PHY_43, 156.4, 68, 1.79929
_0880_, 13.68, 68, 1.79919
_0899_, 13.68, 68, 1.79919
_1067_, 13.68, 68, 1.79919
hold97, 13.68, 68, 1.79919
_0569_, 31.84, 68, 1.79922
FILLER_0_21_53, 31.84, 68, 1.79922
_0657_, 41.84, 68, 1.79924
hold114, 41.84, 68, 1.79924
_0553_, 61.84, 68, 1.79926
FILLER_0_21_113, 61.84, 68, 1.79926
_0650_, 71.84, 68, 1.79928
_0962_, 71.84, 68, 1.79928
FILLER_0_20_135, 71.84, 68, 1.79928
FILLER_0_20_141, 71.84, 68, 1.79928
FILLER_0_21_136, 71.84, 68, 1.79928
_0676_, 91.84, 68, 1.79931
FILLER_0_22_192, 91.84, 68, 1.79931
FILLER_0_21_220, 101.84, 68, 1.7993
_0539_, 121.84, 68, 1.79928
FILLER_0_20_245, 121.84, 68, 1.79928
FILLER_0_21_249, 121.84, 68, 1.79928
FILLER_0_21_270, 131.84, 68, 1.79929
FILLER_0_20_309, 149.12, 68, 1.79929
FILLER_0_21_317, 149.12, 68, 1.79929
_0881_, 5.52, 62.56, 1.79913
PHY_36, 5.52, 62.56, 1.79913
PHY_38, 5.52, 62.56, 1.79913
FILLER_0_19_3, 5.52, 62.56, 1.79913
FILLER_0_20_3, 5.52, 62.56, 1.79913
PHY_37, 156.4, 62.56, 1.79923
PHY_39, 156.4, 62.56, 1.79923
FILLER_0_18_321, 156.4, 62.56, 1.79923
_1075_, 13.68, 62.56, 1.79913
FILLER_0_20_25, 13.68, 62.56, 1.79913
_0734_, 31.84, 62.56, 1.79911
_1099_, 31.84, 62.56, 1.79911
hold75, 31.84, 62.56, 1.79911
FILLER_0_19_66, 31.84, 62.56, 1.79911
_0806_, 41.84, 62.56, 1.79911
_0952_, 41.84, 62.56, 1.79911
_0953_, 41.84, 62.56, 1.79911
clkbuf_4_2_0_clk, 41.84, 62.56, 1.79911
_0577_, 61.84, 62.56, 1.79919
hold117, 61.84, 62.56, 1.79919
FILLER_0_18_116, 61.84, 62.56, 1.79919
FILLER_0_19_125, 61.84, 62.56, 1.79919
_0649_, 71.84, 62.56, 1.79922
_0740_, 91.84, 62.56, 1.79922
_0776_, 91.84, 62.56, 1.79922
hold12, 91.84, 62.56, 1.79922
hold51, 91.84, 62.56, 1.79922
hold100, 91.84, 62.56, 1.79922
_0533_, 101.84, 62.56, 1.79921
hold24, 101.84, 62.56, 1.79921
_0531_, 121.84, 62.56, 1.79919
_0667_, 121.84, 62.56, 1.79919
_0668_, 121.84, 62.56, 1.79919
_0721_, 121.84, 62.56, 1.79919
_0968_, 121.84, 62.56, 1.79919
hold118, 121.84, 62.56, 1.79919
hold142, 131.84, 62.56, 1.79921
FILLER_0_18_269, 131.84, 62.56, 1.79921
FILLER_0_19_281, 131.84, 62.56, 1.79921
input11, 149.12, 62.56, 1.79923
FILLER_0_18_305, 149.12, 62.56, 1.79923
PHY_32, 5.52, 57.12, 1.79909
PHY_34, 5.52, 57.12, 1.79909
output15, 5.52, 57.12, 1.79909
PHY_33, 156.4, 57.12, 1.79921
PHY_35, 156.4, 57.12, 1.79921
FILLER_0_16_321, 156.4, 57.12, 1.79921
_1073_, 13.68, 57.12, 1.7991
FILLER_0_17_21, 13.68, 57.12, 1.7991
_0770_, 31.84, 57.12, 1.79912
_0771_, 31.84, 57.12, 1.79912
hold86, 31.84, 57.12, 1.79912
FILLER_0_17_51, 31.84, 57.12, 1.79912
_0715_, 41.84, 57.12, 1.79912
_0716_, 41.84, 57.12, 1.79912
_0807_, 41.84, 57.12, 1.79912
_1035_, 41.84, 57.12, 1.79912
FILLER_0_16_74, 41.84, 57.12, 1.79912
_0696_, 61.84, 57.12, 1.79911
_0979_, 61.84, 57.12, 1.79911
_0987_, 61.84, 57.12, 1.79911
hold10, 61.84, 57.12, 1.79911
FILLER_0_17_113, 61.84, 57.12, 1.79911
FILLER_0_18_126, 61.84, 57.12, 1.79911
_0576_, 71.84, 57.12, 1.79914
_0681_, 71.84, 57.12, 1.79914
hold9, 71.84, 57.12, 1.79914
_0532_, 91.84, 57.12, 1.79915
_1006_, 91.84, 57.12, 1.79915
_1022_, 91.84, 57.12, 1.79915
_0741_, 101.84, 57.12, 1.79916
_0777_, 101.84, 57.12, 1.79916
FILLER_0_17_210, 101.84, 57.12, 1.79916
FILLER_0_17_218, 101.84, 57.12, 1.79916
_0998_, 121.84, 57.12, 1.79915
FILLER_0_16_246, 121.84, 57.12, 1.79915
_0528_, 131.84, 57.12, 1.79915
_0704_, 131.84, 57.12, 1.79915
_0705_, 131.84, 57.12, 1.79915
_0983_, 131.84, 57.12, 1.79915
_0991_, 131.84, 57.12, 1.79915
FILLER_0_18_281, 131.84, 57.12, 1.79915
FILLER_0_16_305, 149.12, 57.12, 1.79921
FILLER_0_17_317, 149.12, 57.12, 1.79921
PHY_28, 5.52, 51.68, 1.79914
PHY_30, 5.52, 51.68, 1.79914
FILLER_0_16_3, 5.52, 51.68, 1.79914
PHY_29, 156.4, 51.68, 1.79922
PHY_31, 156.4, 51.68, 1.79922
FILLER_0_14_321, 156.4, 51.68, 1.79922
_0895_, 13.68, 51.68, 1.79914
_1065_, 13.68, 51.68, 1.79914
FILLER_0_15_15, 13.68, 51.68, 1.79914
FILLER_0_15_49, 31.84, 51.68, 1.79916
_0995_, 41.84, 51.68, 1.79916
FILLER_0_14_74, 41.84, 51.68, 1.79916
clkbuf_4_6_0_clk, 91.84, 51.68, 1.79918
hold76, 91.84, 51.68, 1.79918
FILLER_0_14_185, 91.84, 51.68, 1.79918
FILLER_0_16_189, 91.84, 51.68, 1.79918
_0742_, 101.84, 51.68, 1.79919
hold68, 101.84, 51.68, 1.79919
FILLER_0_15_217, 101.84, 51.68, 1.79919
FILLER_0_16_220, 101.84, 51.68, 1.79919
_0523_, 121.84, 51.68, 1.7992
FILLER_0_14_244, 121.84, 51.68, 1.7992
FILLER_0_15_249, 121.84, 51.68, 1.7992
_0529_, 131.84, 51.68, 1.7992
hold141, 131.84, 51.68, 1.7992
FILLER_0_15_270, 131.84, 51.68, 1.7992
FILLER_0_15_317, 149.12, 51.68, 1.79922
PHY_24, 5.52, 46.24, 1.79907
PHY_26, 5.52, 46.24, 1.79907
FILLER_0_13_3, 5.52, 46.24, 1.79907
PHY_25, 156.4, 46.24, 1.7992
PHY_27, 156.4, 46.24, 1.7992
FILLER_0_12_321, 156.4, 46.24, 1.7992
_0896_, 13.68, 46.24, 1.79907
_0897_, 13.68, 46.24, 1.79907
_1074_, 13.68, 46.24, 1.79907
hold47, 13.68, 46.24, 1.79907
_0593_, 31.84, 46.24, 1.79905
_0731_, 31.84, 46.24, 1.79905
_0766_, 31.84, 46.24, 1.79905
_0767_, 31.84, 46.24, 1.79905
_1017_, 31.84, 46.24, 1.79905
hold28, 31.84, 46.24, 1.79905
FILLER_0_13_53, 31.84, 46.24, 1.79905
FILLER_0_14_59, 31.84, 46.24, 1.79905
_0730_, 41.84, 46.24, 1.79904
_0948_, 41.84, 46.24, 1.79904
clkbuf_4_0_0_clk, 41.84, 46.24, 1.79904
FILLER_0_12_78, 41.84, 46.24, 1.79904
FILLER_0_14_85, 41.84, 46.24, 1.79904
_0591_, 61.84, 46.24, 1.79909
_0599_, 61.84, 46.24, 1.79909
_0652_, 61.84, 46.24, 1.79909
hold94, 61.84, 46.24, 1.79909
FILLER_0_13_150, 71.84, 46.24, 1.79912
_0906_, 91.84, 46.24, 1.79909
_1007_, 91.84, 46.24, 1.79909
clkbuf_4_4_0_clk, 91.84, 46.24, 1.79909
hold85, 91.84, 46.24, 1.79909
FILLER_0_14_193, 91.84, 46.24, 1.79909
_0507_, 101.84, 46.24, 1.79912
_0497_, 121.84, 46.24, 1.79915
_0670_, 121.84, 46.24, 1.79915
_0723_, 121.84, 46.24, 1.79915
_0815_, 121.84, 46.24, 1.79915
hold123, 121.84, 46.24, 1.79915
FILLER_0_14_253, 121.84, 46.24, 1.79915
_0669_, 131.84, 46.24, 1.79917
_0671_, 131.84, 46.24, 1.79917
_0724_, 131.84, 46.24, 1.79917
FILLER_0_13_276, 131.84, 46.24, 1.79917
FILLER_0_13_317, 149.12, 46.24, 1.7992
PHY_20, 5.52, 40.8, 1.79911
PHY_22, 5.52, 40.8, 1.79911
FILLER_0_11_3, 5.52, 40.8, 1.79911
FILLER_0_12_3, 5.52, 40.8, 1.79911
PHY_21, 156.4, 40.8, 1.79918
PHY_23, 156.4, 40.8, 1.79918
input8, 156.4, 40.8, 1.79918
_0879_, 13.68, 40.8, 1.79911
_1066_, 13.68, 40.8, 1.79911
FILLER_0_11_11, 13.68, 40.8, 1.79911
FILLER_0_12_25, 13.68, 40.8, 1.79911
_1001_, 31.84, 40.8, 1.7991
FILLER_0_10_53, 31.84, 40.8, 1.7991
_0803_, 41.84, 40.8, 1.79909
_0949_, 41.84, 40.8, 1.79909
_1097_, 41.84, 40.8, 1.79909
hold90, 41.84, 40.8, 1.79909
_0653_, 61.84, 40.8, 1.79908
_0963_, 61.84, 40.8, 1.79908
_0993_, 61.84, 40.8, 1.79908
hold101, 61.84, 40.8, 1.79908
_0711_, 71.84, 40.8, 1.7991
_0900_, 71.84, 40.8, 1.7991
_0901_, 71.84, 40.8, 1.7991
hold143, 71.84, 40.8, 1.7991
FILLER_0_10_137, 71.84, 40.8, 1.7991
FILLER_0_10_141, 71.84, 40.8, 1.7991
FILLER_0_12_153, 71.84, 40.8, 1.7991
_0506_, 91.84, 40.8, 1.79909
_0556_, 91.84, 40.8, 1.79909
_0743_, 91.84, 40.8, 1.79909
_0778_, 91.84, 40.8, 1.79909
_1023_, 91.84, 40.8, 1.79909
FILLER_0_11_185, 91.84, 40.8, 1.79909
_0779_, 101.84, 40.8, 1.79907
clkbuf_4_5_0_clk, 101.84, 40.8, 1.79907
hold88, 101.84, 40.8, 1.79907
FILLER_0_11_218, 101.84, 40.8, 1.79907
_0969_, 121.84, 40.8, 1.79912
_0999_, 121.84, 40.8, 1.79912
hold133, 121.84, 40.8, 1.79912
FILLER_0_10_245, 121.84, 40.8, 1.79912
FILLER_0_11_252, 121.84, 40.8, 1.79912
FILLER_0_11_271, 131.84, 40.8, 1.79915
FILLER_0_11_317, 149.12, 40.8, 1.79918
PHY_16, 5.52, 35.36, 1.79916
PHY_18, 5.52, 35.36, 1.79916
PHY_17, 156.4, 35.36, 1.7992
PHY_19, 156.4, 35.36, 1.7992
FILLER_0_8_321, 156.4, 35.36, 1.7992
FILLER_0_10_20, 13.68, 35.36, 1.79916
_0651_, 31.84, 35.36, 1.79915
_0768_, 31.84, 35.36, 1.79915
_0769_, 31.84, 35.36, 1.79915
FILLER_0_9_51, 31.84, 35.36, 1.79915
_0581_, 41.84, 35.36, 1.79915
FILLER_0_10_80, 41.84, 35.36, 1.79915
FILLER_0_10_129, 61.84, 35.36, 1.79914
_0883_, 71.84, 35.36, 1.79913
_1068_, 71.84, 35.36, 1.79913
_1076_, 71.84, 35.36, 1.79913
FILLER_0_8_135, 71.84, 35.36, 1.79913
FILLER_0_8_177, 91.84, 35.36, 1.79917
FILLER_0_8_185, 91.84, 35.36, 1.79917
FILLER_0_10_188, 91.84, 35.36, 1.79917
hold137, 101.84, 35.36, 1.79918
FILLER_0_9_217, 101.84, 35.36, 1.79918
FILLER_0_8_248, 121.84, 35.36, 1.79919
FILLER_0_9_273, 131.84, 35.36, 1.7992
FILLER_0_9_317, 149.12, 35.36, 1.7992
PHY_12, 5.52, 29.92, 1.79912
PHY_14, 5.52, 29.92, 1.79912
PHY_13, 156.4, 29.92, 1.79917
PHY_15, 156.4, 29.92, 1.79917
FILLER_0_6_321, 156.4, 29.92, 1.79917
_0732_, 31.84, 29.92, 1.79908
_1002_, 31.84, 29.92, 1.79908
_1018_, 31.84, 29.92, 1.79908
hold17, 31.84, 29.92, 1.79908
_0654_, 41.84, 29.92, 1.79908
_1098_, 41.84, 29.92, 1.79908
FILLER_0_6_73, 41.84, 29.92, 1.79908
FILLER_0_8_85, 41.84, 29.92, 1.79908
_0587_, 61.84, 29.92, 1.7991
FILLER_0_7_130, 61.84, 29.92, 1.7991
_0692_, 71.84, 29.92, 1.79909
_0693_, 71.84, 29.92, 1.79909
_0985_, 71.84, 29.92, 1.79909
hold106, 71.84, 29.92, 1.79909
_0557_, 91.84, 29.92, 1.79909
_0737_, 91.84, 29.92, 1.79909
_0772_, 91.84, 29.92, 1.79909
_0773_, 91.84, 29.92, 1.79909
_1004_, 91.84, 29.92, 1.79909
FILLER_0_6_181, 91.84, 29.92, 1.79909
FILLER_0_7_177, 91.84, 29.92, 1.79909
_0954_, 101.84, 29.92, 1.79909
_0955_, 101.84, 29.92, 1.79909
_1020_, 101.84, 29.92, 1.79909
hold66, 101.84, 29.92, 1.79909
FILLER_0_6_206, 101.84, 29.92, 1.79909
_0555_, 121.84, 29.92, 1.7991
_0563_, 121.84, 29.92, 1.7991
_0661_, 121.84, 29.92, 1.7991
_0662_, 121.84, 29.92, 1.7991
_0717_, 121.84, 29.92, 1.7991
_0718_, 121.84, 29.92, 1.7991
hold136, 121.84, 29.92, 1.7991
_0698_, 131.84, 29.92, 1.79913
hold132, 131.84, 29.92, 1.79913
FILLER_0_7_276, 131.84, 29.92, 1.79913
FILLER_0_7_317, 149.12, 29.92, 1.79917
PHY_8, 5.52, 24.48, 1.79913
PHY_10, 5.52, 24.48, 1.79913
input3, 5.52, 24.48, 1.79913
PHY_9, 156.4, 24.48, 1.79915
PHY_11, 156.4, 24.48, 1.79915
FILLER_0_4_321, 156.4, 24.48, 1.79915
FILLER_0_6_19, 13.68, 24.48, 1.79913
hold58, 31.84, 24.48, 1.79911
FILLER_0_5_51, 31.84, 24.48, 1.79911
_0951_, 41.84, 24.48, 1.79909
_1034_, 41.84, 24.48, 1.79909
FILLER_0_4_77, 41.84, 24.48, 1.79909
FILLER_0_5_81, 41.84, 24.48, 1.79909
FILLER_0_6_81, 41.84, 24.48, 1.79909
FILLER_0_6_88, 41.84, 24.48, 1.79909
_0589_, 61.84, 24.48, 1.79906
_0601_, 61.84, 24.48, 1.79906
_0695_, 61.84, 24.48, 1.79906
hold8, 61.84, 24.48, 1.79906
hold83, 61.84, 24.48, 1.79906
hold134, 61.84, 24.48, 1.79906
FILLER_0_6_131, 61.84, 24.48, 1.79906
_0600_, 71.84, 24.48, 1.79907
hold74, 71.84, 24.48, 1.79907
hold84, 71.84, 24.48, 1.79907
_0612_, 91.84, 24.48, 1.79911
_0736_, 91.84, 24.48, 1.79911
FILLER_0_4_186, 91.84, 24.48, 1.79911
FILLER_0_6_190, 91.84, 24.48, 1.79911
_0809_, 101.84, 24.48, 1.79911
_1100_, 101.84, 24.48, 1.79911
_0699_, 121.84, 24.48, 1.7991
_0966_, 121.84, 24.48, 1.7991
FILLER_0_4_245, 121.84, 24.48, 1.7991
FILLER_0_5_253, 121.84, 24.48, 1.7991
_0564_, 131.84, 24.48, 1.79911
_0565_, 131.84, 24.48, 1.79911
_0988_, 131.84, 24.48, 1.79911
hold116, 131.84, 24.48, 1.79911
FILLER_0_4_265, 131.84, 24.48, 1.79911
FILLER_0_4_305, 149.12, 24.48, 1.79915
PHY_4, 5.52, 19.04, 1.79913
PHY_6, 5.52, 19.04, 1.79913
PHY_5, 156.4, 19.04, 1.79917
PHY_7, 156.4, 19.04, 1.79917
FILLER_0_2_321, 156.4, 19.04, 1.79917
FILLER_0_3_51, 31.84, 19.04, 1.79911
_0656_, 41.84, 19.04, 1.79909
_0994_, 41.84, 19.04, 1.79909
FILLER_0_2_77, 41.84, 19.04, 1.79909
FILLER_0_3_81, 41.84, 19.04, 1.79909
FILLER_0_4_85, 41.84, 19.04, 1.79909
_0694_, 61.84, 19.04, 1.79905
_0977_, 61.84, 19.04, 1.79905
_0978_, 61.84, 19.04, 1.79905
_0986_, 61.84, 19.04, 1.79905
FILLER_0_2_114, 61.84, 19.04, 1.79905
FILLER_0_3_113, 61.84, 19.04, 1.79905
_0588_, 71.84, 19.04, 1.79907
_0679_, 71.84, 19.04, 1.79907
hold7, 71.84, 19.04, 1.79907
hold1, 91.84, 19.04, 1.79911
hold2, 91.84, 19.04, 1.79911
FILLER_0_3_220, 101.84, 19.04, 1.79913
FILLER_0_2_248, 121.84, 19.04, 1.79915
_0980_, 131.84, 19.04, 1.79914
hold4, 131.84, 19.04, 1.79914
FILLER_0_3_273, 131.84, 19.04, 1.79914
FILLER_0_4_278, 131.84, 19.04, 1.79914
PHY_0, 5.52, 13.6, 1.79908
PHY_2, 5.52, 13.6, 1.79908
output13, 5.52, 13.6, 1.79908
PHY_1, 156.4, 13.6, 1.79914
PHY_3, 156.4, 13.6, 1.79914
output16, 156.4, 13.6, 1.79914
FILLER_0_0_21, 13.68, 13.6, 1.7991
FILLER_0_0_49, 31.84, 13.6, 1.79912
FILLER_0_1_51, 31.84, 13.6, 1.79912
FILLER_0_0_81, 41.84, 13.6, 1.79912
FILLER_0_2_85, 41.84, 13.6, 1.79912
_0680_, 71.84, 13.6, 1.79914
FILLER_0_0_137, 71.84, 13.6, 1.79914
FILLER_0_2_152, 71.84, 13.6, 1.79914
_0678_, 91.84, 13.6, 1.79915
FILLER_0_0_187, 91.84, 13.6, 1.79915
FILLER_0_1_217, 101.84, 13.6, 1.79915
_0682_, 131.84, 13.6, 1.79916
FILLER_0_0_277, 131.84, 13.6, 1.79916
FILLER_0_1_273, 131.84, 13.6, 1.79916
FILLER_0_2_277, 131.84, 13.6, 1.79916
FILLER_0_1_317, 149.12, 13.6, 1.79915

