
===========================================================================
 report_power
============================================================================
======================= Fastest Corner ===================================

Group                  Internal  Switching    Leakage      Total
                          Power      Power      Power      Power (Watts)
----------------------------------------------------------------
Sequential             1.01e-03   1.77e-04   6.81e-08   1.18e-03  36.0%
Combinational          1.22e-03   8.76e-04   8.51e-09   2.10e-03  64.0%
Macro                  0.00e+00   0.00e+00   0.00e+00   0.00e+00   0.0%
Pad                    0.00e+00   0.00e+00   0.00e+00   0.00e+00   0.0%
----------------------------------------------------------------
Total                  2.23e-03   1.05e-03   7.66e-08   3.28e-03 100.0%
                          67.9%      32.1%       0.0%

======================= Slowest Corner ===================================

Group                  Internal  Switching    Leakage      Total
                          Power      Power      Power      Power (Watts)
----------------------------------------------------------------
Sequential             6.89e-04   1.15e-04   2.14e-06   8.06e-04  35.8%
Combinational          8.73e-04   5.67e-04   3.58e-06   1.44e-03  64.2%
Macro                  0.00e+00   0.00e+00   0.00e+00   0.00e+00   0.0%
Pad                    0.00e+00   0.00e+00   0.00e+00   0.00e+00   0.0%
----------------------------------------------------------------
Total                  1.56e-03   6.82e-04   5.72e-06   2.25e-03 100.0%
                          69.4%      30.3%       0.3%

======================= Typical Corner ===================================

Group                  Internal  Switching    Leakage      Total
                          Power      Power      Power      Power (Watts)
----------------------------------------------------------------
Sequential             8.74e-04   1.47e-04   6.73e-08   1.02e-03  36.0%
Combinational          1.08e-03   7.33e-04   4.20e-09   1.81e-03  64.0%
Macro                  0.00e+00   0.00e+00   0.00e+00   0.00e+00   0.0%
Pad                    0.00e+00   0.00e+00   0.00e+00   0.00e+00   0.0%
----------------------------------------------------------------
Total                  1.95e-03   8.80e-04   7.15e-08   2.83e-03 100.0%
                          68.9%      31.0%       0.0%

