Sun Aug 17 11:46:36 UTC 2025 - Executing "openroad -exit -no_init -python /openlane/scripts/odbpy/lefutil.py get_metal_layers -o /openlane/designs/lifo/runs/RUN_2025.08.17_11.46.36/tmp/layers.list /home/prormrxcn/.ciel/sky130A/libs.ref/sky130_fd_sc_hd/techlef/sky130_fd_sc_hd__nom.tlef"

Sun Aug 17 11:46:37 UTC 2025 - Executing "/openlane/scripts/mergeLef.py -o /openlane/designs/lifo/runs/RUN_2025.08.17_11.46.36/tmp/merged.nom.lef -i /home/prormrxcn/.ciel/sky130A/libs.ref/sky130_fd_sc_hd/techlef/sky130_fd_sc_hd__nom.tlef {/home/prormrxcn/.ciel/sky130A/libs.ref/sky130_fd_sc_hd/lef/sky130_ef_sc_hd.lef /home/prormrxcn/.ciel/sky130A/libs.ref/sky130_fd_sc_hd/lef/sky130_fd_sc_hd.lef} |& tee /dev/null"

Sun Aug 17 11:46:37 UTC 2025 - Executing "/openlane/scripts/mergeLef.py -o /openlane/designs/lifo/runs/RUN_2025.08.17_11.46.36/tmp/merged.min.lef -i /home/prormrxcn/.ciel/sky130A/libs.ref/sky130_fd_sc_hd/techlef/sky130_fd_sc_hd__min.tlef {/home/prormrxcn/.ciel/sky130A/libs.ref/sky130_fd_sc_hd/lef/sky130_ef_sc_hd.lef /home/prormrxcn/.ciel/sky130A/libs.ref/sky130_fd_sc_hd/lef/sky130_fd_sc_hd.lef} |& tee /dev/null"

Sun Aug 17 11:46:37 UTC 2025 - Executing "/openlane/scripts/mergeLef.py -o /openlane/designs/lifo/runs/RUN_2025.08.17_11.46.36/tmp/merged.max.lef -i /home/prormrxcn/.ciel/sky130A/libs.ref/sky130_fd_sc_hd/techlef/sky130_fd_sc_hd__max.tlef {/home/prormrxcn/.ciel/sky130A/libs.ref/sky130_fd_sc_hd/lef/sky130_ef_sc_hd.lef /home/prormrxcn/.ciel/sky130A/libs.ref/sky130_fd_sc_hd/lef/sky130_fd_sc_hd.lef} |& tee /dev/null"

Sun Aug 17 11:46:37 UTC 2025 - Executing "python3 /openlane/scripts/mergeLib.py --output /openlane/designs/lifo/runs/RUN_2025.08.17_11.46.36/tmp/synthesis/merged.lib --name sky130A_merged /home/prormrxcn/.ciel/sky130A/libs.ref/sky130_fd_sc_hd/lib/sky130_fd_sc_hd__tt_025C_1v80.lib"

Sun Aug 17 11:46:37 UTC 2025 - Executing "python3 /openlane/scripts/libtrim.py --cell-file /openlane/designs/lifo/runs/RUN_2025.08.17_11.46.36/tmp/synthesis/trimmed.lib.exclude.list --output /openlane/designs/lifo/runs/RUN_2025.08.17_11.46.36/tmp/synthesis/trimmed.lib /openlane/designs/lifo/runs/RUN_2025.08.17_11.46.36/tmp/synthesis/merged.lib"

Sun Aug 17 11:46:38 UTC 2025 - Executing "python3 /openlane/scripts/libtrim.py --cell-file /openlane/designs/lifo/runs/RUN_2025.08.17_11.46.36/tmp/cts/cts.lib.exclude.list --output /openlane/designs/lifo/runs/RUN_2025.08.17_11.46.36/tmp/cts/cts.lib /home/prormrxcn/.ciel/sky130A/libs.ref/sky130_fd_sc_hd/lib/sky130_fd_sc_hd__tt_025C_1v80.lib"

Sun Aug 17 11:46:38 UTC 2025 - Executing "python3 /openlane/scripts/libtrim.py --cell-file /openlane/designs/lifo/runs/RUN_2025.08.17_11.46.36/tmp/cts/cts-fastest.lib.exclude.list --output /openlane/designs/lifo/runs/RUN_2025.08.17_11.46.36/tmp/cts/cts-fastest.lib /home/prormrxcn/.ciel/sky130A/libs.ref/sky130_fd_sc_hd/lib/sky130_fd_sc_hd__ff_n40C_1v95.lib"

Sun Aug 17 11:46:38 UTC 2025 - Executing "python3 /openlane/scripts/libtrim.py --cell-file /openlane/designs/lifo/runs/RUN_2025.08.17_11.46.36/tmp/cts/cts-slowest.lib.exclude.list --output /openlane/designs/lifo/runs/RUN_2025.08.17_11.46.36/tmp/cts/cts-slowest.lib /home/prormrxcn/.ciel/sky130A/libs.ref/sky130_fd_sc_hd/lib/sky130_fd_sc_hd__ss_100C_1v60.lib"

Sun Aug 17 11:46:39 UTC 2025 - Executing "python3 /openlane/scripts/new_tracks.py -i /home/prormrxcn/.ciel/sky130A/libs.tech/openlane/sky130_fd_sc_hd/tracks.info -o /openlane/designs/lifo/runs/RUN_2025.08.17_11.46.36/tmp/routing/config.tracks"

Sun Aug 17 11:46:39 UTC 2025 - Executing "echo {OpenLane 413d301090a476f8d34cf24dc2447da17dfab187} > /openlane/designs/lifo/runs/RUN_2025.08.17_11.46.36/OPENLANE_COMMIT"

Sun Aug 17 11:46:39 UTC 2025 - Executing "bash -c {verilator  --lint-only  -Wall  --Wno-DECLFILENAME  --top-module lifo  /openlane/designs/lifo/src/lifo.v -Wno-fatal --relative-includes |& tee /openlane/designs/lifo/runs/RUN_2025.08.17_11.46.36/logs/synthesis/linter.log /dev/null}"

Sun Aug 17 11:46:39 UTC 2025 - Executing "sed -E {s/^([[:space:]]+)pg_pin(.*)/\1pin\2\n\1    direction : "inout";/g} /home/prormrxcn/.ciel/sky130A/libs.ref/sky130_fd_sc_hd/lib/sky130_fd_sc_hd__tt_025C_1v80.lib > /openlane/designs/lifo/runs/RUN_2025.08.17_11.46.36/tmp/synthesis/1-sky130_fd_sc_hd__tt_025C_1v80.no_pg.lib"

Sun Aug 17 11:46:39 UTC 2025 - Executing "sed -E {s/^([[:space:]]+)pg_pin(.*)/\1pin\2\n\1    direction : "inout";/g} /openlane/designs/lifo/runs/RUN_2025.08.17_11.46.36/tmp/synthesis/trimmed.lib > /openlane/designs/lifo/runs/RUN_2025.08.17_11.46.36/tmp/synthesis/1-trimmed.no_pg.lib"

Sun Aug 17 11:46:39 UTC 2025 - Executing "yosys -c /openlane/scripts/yosys/synth.tcl |& tee /dev/null /openlane/designs/lifo/runs/RUN_2025.08.17_11.46.36/logs/synthesis/1-synthesis.log"

Sun Aug 17 11:46:43 UTC 2025 - Executing "sed -i.bak -e {s/\(set ::env(CURRENT_NETLIST)\).*/\1 \/openlane\/designs\/lifo\/runs\/RUN_2025.08.17_11.46.36\/results\/synthesis\/lifo.v/} /openlane/designs/lifo/runs/RUN_2025.08.17_11.46.36/config.tcl"

Sun Aug 17 11:46:43 UTC 2025 - Executing "sed -i.bak /defparam/d /openlane/designs/lifo/runs/RUN_2025.08.17_11.46.36/results/synthesis/lifo.v"

Sun Aug 17 11:46:43 UTC 2025 - Executing "sta -exit -no_init /openlane/scripts/openroad/sta/multi_corner.tcl |& tee /dev/null /openlane/designs/lifo/runs/RUN_2025.08.17_11.46.36/logs/synthesis/2-sta.log"

Sun Aug 17 11:46:44 UTC 2025 - Executing "openroad -exit /openlane/scripts/openroad/floorplan.tcl |& tee /dev/null /openlane/designs/lifo/runs/RUN_2025.08.17_11.46.36/logs/floorplan/3-initial_fp.log"

Sun Aug 17 11:46:45 UTC 2025 - Executing "openroad -exit -no_init -python /openlane/scripts/odbpy/defutil.py extract_core_dims --output-data /openlane/designs/lifo/runs/RUN_2025.08.17_11.46.36/tmp/dimensions.txt --input-lef /openlane/designs/lifo/runs/RUN_2025.08.17_11.46.36/tmp/merged.nom.lef /openlane/designs/lifo/runs/RUN_2025.08.17_11.46.36/tmp/floorplan/3-initial_fp.def"

Sun Aug 17 11:46:45 UTC 2025 - Executing "openroad -exit /openlane/scripts/openroad/ioplacer.tcl |& tee /dev/null /openlane/designs/lifo/runs/RUN_2025.08.17_11.46.36/logs/floorplan/4-io.log"

Sun Aug 17 11:46:46 UTC 2025 - Executing "openroad -exit /openlane/scripts/openroad/tapcell.tcl |& tee /dev/null /openlane/designs/lifo/runs/RUN_2025.08.17_11.46.36/logs/floorplan/5-tap.log"

Sun Aug 17 11:46:47 UTC 2025 - Executing "openroad -exit /openlane/scripts/openroad/pdn.tcl |& tee /dev/null /openlane/designs/lifo/runs/RUN_2025.08.17_11.46.36/logs/floorplan/6-pdn.log"

Sun Aug 17 11:46:47 UTC 2025 - Executing "openroad -exit /openlane/scripts/openroad/gpl.tcl |& tee /dev/null /openlane/designs/lifo/runs/RUN_2025.08.17_11.46.36/logs/placement/7-global.log"

Sun Aug 17 11:46:49 UTC 2025 - Executing "sed -i.bak -e {s/\(set ::env(CURRENT_NETLIST)\).*/\1 \/openlane\/designs\/lifo\/runs\/RUN_2025.08.17_11.46.36\/tmp\/placement\/7-global.nl.v/} /openlane/designs/lifo/runs/RUN_2025.08.17_11.46.36/config.tcl"

Sun Aug 17 11:46:49 UTC 2025 - Executing "openroad -exit /openlane/scripts/openroad/sta/multi_corner.tcl |& tee /dev/null /openlane/designs/lifo/runs/RUN_2025.08.17_11.46.36/logs/placement/8-gpl_sta.log"

Sun Aug 17 11:46:50 UTC 2025 - Executing "openroad -exit /openlane/scripts/openroad/resizer.tcl |& tee /dev/null /openlane/designs/lifo/runs/RUN_2025.08.17_11.46.36/logs/placement/9-resizer.log"

Sun Aug 17 11:46:52 UTC 2025 - Executing "sed -i.bak -e {s/\(set ::env(CURRENT_NETLIST)\).*/\1 \/openlane\/designs\/lifo\/runs\/RUN_2025.08.17_11.46.36\/tmp\/placement\/9-resizer.nl.v/} /openlane/designs/lifo/runs/RUN_2025.08.17_11.46.36/config.tcl"

Sun Aug 17 11:46:52 UTC 2025 - Executing "openroad -exit /openlane/scripts/openroad/dpl.tcl |& tee /dev/null /openlane/designs/lifo/runs/RUN_2025.08.17_11.46.36/logs/placement/10-detailed.log"

Sun Aug 17 11:46:53 UTC 2025 - Executing "sed -i.bak -e {s/\(set ::env(CURRENT_NETLIST)\).*/\1 \/openlane\/designs\/lifo\/runs\/RUN_2025.08.17_11.46.36\/results\/placement\/lifo.nl.v/} /openlane/designs/lifo/runs/RUN_2025.08.17_11.46.36/config.tcl"

Sun Aug 17 11:46:53 UTC 2025 - Executing "openroad -exit /openlane/scripts/openroad/sta/multi_corner.tcl |& tee /dev/null /openlane/designs/lifo/runs/RUN_2025.08.17_11.46.36/logs/placement/11-dpl_sta.log"

Sun Aug 17 11:46:54 UTC 2025 - Executing "openroad -exit /openlane/scripts/openroad/cts.tcl |& tee /dev/null /openlane/designs/lifo/runs/RUN_2025.08.17_11.46.36/logs/cts/12-cts.log"

Sun Aug 17 11:47:40 UTC 2025 - Executing "openroad -exit /openlane/scripts/openroad/sta/multi_corner.tcl |& tee /dev/null /openlane/designs/lifo/runs/RUN_2025.08.17_11.46.36/logs/cts/13-cts_sta.log"

Sun Aug 17 11:47:41 UTC 2025 - Executing "openroad -exit /openlane/scripts/openroad/resizer_timing.tcl |& tee /dev/null /openlane/designs/lifo/runs/RUN_2025.08.17_11.46.36/logs/cts/14-resizer.log"

Sun Aug 17 11:47:43 UTC 2025 - Executing "sed -i.bak -e {s/\(set ::env(CURRENT_NETLIST)\).*/\1 \/openlane\/designs\/lifo\/runs\/RUN_2025.08.17_11.46.36\/tmp\/cts\/14-lifo.resized.nl.v/} /openlane/designs/lifo/runs/RUN_2025.08.17_11.46.36/config.tcl"

Sun Aug 17 11:47:43 UTC 2025 - Executing "openroad -exit /openlane/scripts/openroad/resizer_routing_design.tcl |& tee /dev/null /openlane/designs/lifo/runs/RUN_2025.08.17_11.46.36/logs/routing/15-resizer_design.log"

Sun Aug 17 11:47:46 UTC 2025 - Executing "sed -i.bak -e {s/\(set ::env(CURRENT_NETLIST)\).*/\1 \/openlane\/designs\/lifo\/runs\/RUN_2025.08.17_11.46.36\/tmp\/15-lifo.nl.v/} /openlane/designs/lifo/runs/RUN_2025.08.17_11.46.36/config.tcl"

Sun Aug 17 11:47:46 UTC 2025 - Executing "openroad -exit /openlane/scripts/openroad/sta/multi_corner.tcl |& tee /dev/null /openlane/designs/lifo/runs/RUN_2025.08.17_11.46.36/logs/routing/16-rsz_design_sta.log"

Sun Aug 17 11:47:47 UTC 2025 - Executing "openroad -exit /openlane/scripts/openroad/resizer_routing_timing.tcl |& tee /dev/null /openlane/designs/lifo/runs/RUN_2025.08.17_11.46.36/logs/routing/17-resizer_timing.log"

Sun Aug 17 11:47:49 UTC 2025 - Executing "sed -i.bak -e {s/\(set ::env(CURRENT_NETLIST)\).*/\1 \/openlane\/designs\/lifo\/runs\/RUN_2025.08.17_11.46.36\/tmp\/17-lifo.nl.v/} /openlane/designs/lifo/runs/RUN_2025.08.17_11.46.36/config.tcl"

Sun Aug 17 11:47:49 UTC 2025 - Executing "openroad -exit /openlane/scripts/openroad/sta/multi_corner.tcl |& tee /dev/null /openlane/designs/lifo/runs/RUN_2025.08.17_11.46.36/logs/routing/18-rsz_timing_sta.log"

Sun Aug 17 11:47:50 UTC 2025 - Executing "openroad -exit /openlane/scripts/openroad/groute.tcl |& tee /dev/null /openlane/designs/lifo/runs/RUN_2025.08.17_11.46.36/logs/routing/19-global.log"

Sun Aug 17 11:47:51 UTC 2025 - Executing "openroad -exit /openlane/scripts/openroad/write_views.tcl |& tee /dev/null /openlane/designs/lifo/runs/RUN_2025.08.17_11.46.36/logs/routing/19-global_write_netlist.log"

Sun Aug 17 11:47:51 UTC 2025 - Executing "sed -i.bak -e {s/\(set ::env(CURRENT_NETLIST)\).*/\1 \/openlane\/designs\/lifo\/runs\/RUN_2025.08.17_11.46.36\/tmp\/routing\/global.nl.v/} /openlane/designs/lifo/runs/RUN_2025.08.17_11.46.36/config.tcl"

Sun Aug 17 11:47:51 UTC 2025 - Executing "openroad -exit /openlane/scripts/openroad/sta/multi_corner.tcl |& tee /dev/null /openlane/designs/lifo/runs/RUN_2025.08.17_11.46.36/logs/routing/21-grt_sta.log"

Sun Aug 17 11:47:52 UTC 2025 - Executing "openroad -exit /openlane/scripts/openroad/fill.tcl |& tee /dev/null /openlane/designs/lifo/runs/RUN_2025.08.17_11.46.36/logs/routing/22-fill.log"

Sun Aug 17 11:47:53 UTC 2025 - Executing "sed -i.bak -e {s/\(set ::env(CURRENT_NETLIST)\).*/\1 \/openlane\/designs\/lifo\/runs\/RUN_2025.08.17_11.46.36\/tmp\/routing\/22-fill.nl.v/} /openlane/designs/lifo/runs/RUN_2025.08.17_11.46.36/config.tcl"

Sun Aug 17 11:47:53 UTC 2025 - Executing "openroad -exit /openlane/scripts/openroad/droute.tcl |& tee /dev/null /openlane/designs/lifo/runs/RUN_2025.08.17_11.46.36/logs/routing/23-detailed.log"

Sun Aug 17 11:48:39 UTC 2025 - Executing "sed -i.bak -e {s/\(set ::env(CURRENT_NETLIST)\).*/\1 \/openlane\/designs\/lifo\/runs\/RUN_2025.08.17_11.46.36\/results\/routing\/lifo.nl.v/} /openlane/designs/lifo/runs/RUN_2025.08.17_11.46.36/config.tcl"

Sun Aug 17 11:48:39 UTC 2025 - Executing "python3 /openlane/scripts/drc_rosetta.py tr to_klayout -o /openlane/designs/lifo/runs/RUN_2025.08.17_11.46.36/reports/routing/drt.klayout.xml --design-name lifo /openlane/designs/lifo/runs/RUN_2025.08.17_11.46.36/reports/routing/drt.drc"

Sun Aug 17 11:48:39 UTC 2025 - Executing "openroad -exit -no_init -python /openlane/scripts/odbpy/wire_lengths.py --report-out /openlane/designs/lifo/runs/RUN_2025.08.17_11.46.36/reports/routing/24-wire_lengths.csv --input-lef /openlane/designs/lifo/runs/RUN_2025.08.17_11.46.36/tmp/merged.nom.lef --output-def /dev/null --output /openlane/designs/lifo/runs/RUN_2025.08.17_11.46.36/results/routing/lifo.odb /openlane/designs/lifo/runs/RUN_2025.08.17_11.46.36/results/routing/lifo.odb |& tee /dev/null /openlane/designs/lifo/runs/RUN_2025.08.17_11.46.36/logs/routing/24-wire_lengths.log"

Sun Aug 17 11:48:40 UTC 2025 - Executing "openroad -exit /openlane/scripts/openroad/rcx.tcl |& tee /dev/null /openlane/designs/lifo/runs/RUN_2025.08.17_11.46.36/logs/signoff/25-parasitics_extraction.min.log"

Sun Aug 17 11:48:41 UTC 2025 - Executing "sta -exit -no_init /openlane/scripts/openroad/sta/multi_corner.tcl |& tee /dev/null /openlane/designs/lifo/runs/RUN_2025.08.17_11.46.36/logs/signoff/26-rcx_mcsta.min.log"

Sun Aug 17 11:48:44 UTC 2025 - Executing "openroad -exit /openlane/scripts/openroad/rcx.tcl |& tee /dev/null /openlane/designs/lifo/runs/RUN_2025.08.17_11.46.36/logs/signoff/27-parasitics_extraction.max.log"

Sun Aug 17 11:48:45 UTC 2025 - Executing "sta -exit -no_init /openlane/scripts/openroad/sta/multi_corner.tcl |& tee /dev/null /openlane/designs/lifo/runs/RUN_2025.08.17_11.46.36/logs/signoff/28-rcx_mcsta.max.log"

Sun Aug 17 11:48:48 UTC 2025 - Executing "openroad -exit /openlane/scripts/openroad/rcx.tcl |& tee /dev/null /openlane/designs/lifo/runs/RUN_2025.08.17_11.46.36/logs/signoff/29-parasitics_extraction.nom.log"

Sun Aug 17 11:48:49 UTC 2025 - Executing "sta -exit -no_init /openlane/scripts/openroad/sta/multi_corner.tcl |& tee /dev/null /openlane/designs/lifo/runs/RUN_2025.08.17_11.46.36/logs/signoff/30-rcx_mcsta.nom.log"

Sun Aug 17 11:48:52 UTC 2025 - Executing "sta -exit -no_init /openlane/scripts/openroad/sta/multi_corner.tcl |& tee /dev/null /openlane/designs/lifo/runs/RUN_2025.08.17_11.46.36/logs/signoff/31-rcx_sta.log"

Sun Aug 17 11:48:53 UTC 2025 - Executing "openroad -exit /openlane/scripts/openroad/irdrop.tcl |& tee /dev/null /openlane/designs/lifo/runs/RUN_2025.08.17_11.46.36/logs/signoff/32-irdrop.log"

Sun Aug 17 11:48:54 UTC 2025 - Executing "magic -noconsole -dnull -rcfile /home/prormrxcn/.ciel/sky130A/libs.tech/magic/sky130A.magicrc < /openlane/scripts/magic/wrapper.tcl |& tee /dev/null /openlane/designs/lifo/runs/RUN_2025.08.17_11.46.36/logs/signoff/33-gdsii.log"

Sun Aug 17 11:48:55 UTC 2025 - Executing "magic -noconsole -dnull -rcfile /home/prormrxcn/.ciel/sky130A/libs.tech/magic/sky130A.magicrc < /openlane/scripts/magic/wrapper.tcl |& tee /dev/null /openlane/designs/lifo/runs/RUN_2025.08.17_11.46.36/logs/signoff/33-gds_ptrs.log"

Sun Aug 17 11:48:56 UTC 2025 - Executing "sed -i.bak -n {/^<< properties >>/,/^<< end >>/p} /openlane/designs/lifo/runs/RUN_2025.08.17_11.46.36/tmp/signoff/gds_ptrs.mag"

Sun Aug 17 11:48:56 UTC 2025 - Executing "magic -noconsole -dnull -rcfile /home/prormrxcn/.ciel/sky130A/libs.tech/magic/sky130A.magicrc < /openlane/scripts/magic/wrapper.tcl |& tee /dev/null /openlane/designs/lifo/runs/RUN_2025.08.17_11.46.36/logs/signoff/33-lef.log"

Sun Aug 17 11:48:57 UTC 2025 - Executing "magic -noconsole -dnull -rcfile /home/prormrxcn/.ciel/sky130A/libs.tech/magic/sky130A.magicrc < /openlane/scripts/magic/wrapper.tcl |& tee /dev/null /openlane/designs/lifo/runs/RUN_2025.08.17_11.46.36/logs/signoff/33-maglef.log"

Sun Aug 17 11:48:58 UTC 2025 - Executing "python3 /openlane/scripts/klayout/stream_out.py --output /openlane/designs/lifo/runs/RUN_2025.08.17_11.46.36/results/signoff/lifo.klayout.gds --lyt /home/prormrxcn/.ciel/sky130A/libs.tech/klayout/tech/sky130A.lyt --lym /home/prormrxcn/.ciel/sky130A/libs.tech/klayout/tech/sky130A.map --lyp /home/prormrxcn/.ciel/sky130A/libs.tech/klayout/tech/sky130A.lyp --top lifo --with-gds-file /home/prormrxcn/.ciel/sky130A/libs.ref/sky130_fd_sc_hd/gds/sky130_fd_sc_hd.gds --input-lef /openlane/designs/lifo/runs/RUN_2025.08.17_11.46.36/tmp/merged.nom.lef /openlane/designs/lifo/runs/RUN_2025.08.17_11.46.36/results/routing/lifo.def |& tee /dev/null /openlane/designs/lifo/runs/RUN_2025.08.17_11.46.36/logs/signoff/34-gdsii-klayout.log"

Sun Aug 17 11:48:59 UTC 2025 - Executing "klayout -b -r /openlane/scripts/klayout/xor.drc -rd a=/openlane/designs/lifo/runs/RUN_2025.08.17_11.46.36/results/signoff/lifo.gds -rd b=/openlane/designs/lifo/runs/RUN_2025.08.17_11.46.36/results/signoff/lifo.klayout.gds -rd jobs=1 -rd rdb_out=/openlane/designs/lifo/runs/RUN_2025.08.17_11.46.36/reports/signoff/35-xor.xml -rd ignore=81/14 -rd rpt_out=/openlane/designs/lifo/runs/RUN_2025.08.17_11.46.36/reports/signoff/35-xor.rpt |& tee /dev/null /openlane/designs/lifo/runs/RUN_2025.08.17_11.46.36/logs/signoff/35-xor.log"

Sun Aug 17 11:49:01 UTC 2025 - Executing "magic -noconsole -dnull -rcfile /home/prormrxcn/.ciel/sky130A/libs.tech/magic/sky130A.magicrc < /openlane/scripts/magic/wrapper.tcl |& tee /dev/null /openlane/designs/lifo/runs/RUN_2025.08.17_11.46.36/logs/signoff/36-spice.log"

Sun Aug 17 11:49:03 UTC 2025 - Executing "openroad -exit -no_init -python /openlane/scripts/odbpy/power_utils.py write_powered_def --output /openlane/designs/lifo/runs/RUN_2025.08.17_11.46.36/tmp/signoff/36-lifo.p.def --input-lef /openlane/designs/lifo/runs/RUN_2025.08.17_11.46.36/tmp/merged.nom.lef --power-port VPWR --ground-port VGND --powered-netlist {} /openlane/designs/lifo/runs/RUN_2025.08.17_11.46.36/results/routing/lifo.def |& tee /dev/null /openlane/designs/lifo/runs/RUN_2025.08.17_11.46.36/logs/signoff/37-write_powered_def.log"

Sun Aug 17 11:49:04 UTC 2025 - Executing "openroad -exit /openlane/scripts/openroad/write_views.tcl |& tee /dev/null /openlane/designs/lifo/runs/RUN_2025.08.17_11.46.36/logs/signoff/37-write_powered_verilog.log"

Sun Aug 17 11:49:04 UTC 2025 - Executing "sed -i.bak -e {s/\(set ::env(CURRENT_NETLIST)\).*/\1 \/openlane\/designs\/lifo\/runs\/RUN_2025.08.17_11.46.36\/tmp\/signoff\/36-lifo.nl.v/} /openlane/designs/lifo/runs/RUN_2025.08.17_11.46.36/config.tcl"

Sun Aug 17 11:49:05 UTC 2025 - Executing "netgen -batch source /openlane/designs/lifo/runs/RUN_2025.08.17_11.46.36/tmp/signoff/39-setup_file.lef.lvs |& tee /dev/null /openlane/designs/lifo/runs/RUN_2025.08.17_11.46.36/logs/signoff/39-lvs.lef.log"

Sun Aug 17 11:49:05 UTC 2025 - Executing "magic -noconsole -dnull -rcfile /home/prormrxcn/.ciel/sky130A/libs.tech/magic/sky130A.magicrc < /openlane/scripts/magic/wrapper.tcl |& tee /dev/null /openlane/designs/lifo/runs/RUN_2025.08.17_11.46.36/logs/signoff/40-drc.log"

Sun Aug 17 11:49:06 UTC 2025 - Executing "python3 /openlane/scripts/drc_rosetta.py magic to_tcl -o /openlane/designs/lifo/runs/RUN_2025.08.17_11.46.36/reports/signoff/drc.tcl /openlane/designs/lifo/runs/RUN_2025.08.17_11.46.36/reports/signoff/drc.rpt"

Sun Aug 17 11:49:07 UTC 2025 - Executing "python3 /openlane/scripts/drc_rosetta.py magic to_tr -o /openlane/designs/lifo/runs/RUN_2025.08.17_11.46.36/reports/signoff/drc.tr /openlane/designs/lifo/runs/RUN_2025.08.17_11.46.36/reports/signoff/drc.rpt"

Sun Aug 17 11:49:07 UTC 2025 - Executing "python3 /openlane/scripts/drc_rosetta.py tr to_klayout -o /openlane/designs/lifo/runs/RUN_2025.08.17_11.46.36/reports/signoff/drc.klayout.xml --design-name lifo /openlane/designs/lifo/runs/RUN_2025.08.17_11.46.36/reports/signoff/drc.tr"

Sun Aug 17 11:49:07 UTC 2025 - Executing "python3 /openlane/scripts/drc_rosetta.py magic to_rdb -o /openlane/designs/lifo/runs/RUN_2025.08.17_11.46.36/reports/signoff/drc.rdb /openlane/designs/lifo/runs/RUN_2025.08.17_11.46.36/reports/signoff/drc.rpt"

Sun Aug 17 11:49:07 UTC 2025 - Executing "openroad -exit /openlane/scripts/openroad/antenna_check.tcl |& tee /dev/null /openlane/designs/lifo/runs/RUN_2025.08.17_11.46.36/logs/signoff/41-arc.log"

Sun Aug 17 11:49:08 UTC 2025 - Executing "python3 /openlane/scripts/extract_antenna_violators.py --output /openlane/designs/lifo/runs/RUN_2025.08.17_11.46.36/reports/signoff/41-antenna_violators.rpt --plain-out /openlane/designs/lifo/runs/RUN_2025.08.17_11.46.36/reports/signoff/41-antenna_violators_pins.txt /openlane/designs/lifo/runs/RUN_2025.08.17_11.46.36/logs/signoff/41-arc.log"

Sun Aug 17 11:49:08 UTC 2025 - Executing "awk -v vdd=VPWR -v gnd=VGND -f /home/prormrxcn/.ciel/sky130A/libs.tech/openlane/cvc/power.awk /openlane/designs/lifo/runs/RUN_2025.08.17_11.46.36/tmp/signoff/36-lifo.nl.v > /openlane/designs/lifo/runs/RUN_2025.08.17_11.46.36/tmp/signoff/lifo.power"

Sun Aug 17 11:49:08 UTC 2025 - Executing "awk -f /home/prormrxcn/.ciel/sky130A/libs.tech/openlane/cvc/cdl.awk /home/prormrxcn/.ciel/sky130A/libs.ref/sky130_fd_sc_hd/cdl/sky130_fd_sc_hd.cdl /openlane/designs/lifo/runs/RUN_2025.08.17_11.46.36/results/signoff/lifo.lef.spice > /openlane/designs/lifo/runs/RUN_2025.08.17_11.46.36/tmp/signoff/lifo.cdl"

Sun Aug 17 11:49:08 UTC 2025 - Executing "cvc_rv /home/prormrxcn/.ciel/sky130A/libs.tech/openlane/cvc/cvcrc |& tee /dev/null /openlane/designs/lifo/runs/RUN_2025.08.17_11.46.36/logs/signoff/42-erc_screen.log"

