OpenROAD 41a51eaf4ca2171c92ff38afb91eb37bbd3f36da 
This program is licensed under the BSD-3 license. See the LICENSE file for details.
Components of this program may be licensed under more restrictive licenses which must be honored.
[INFO]: Reading ODB at '/openlane/designs/lifo/runs/RUN_2025.08.17_11.46.36/tmp/placement/9-resizer.odb'…
define_corners Typical
read_liberty -corner Typical /home/prormrxcn/.ciel/sky130A/libs.ref/sky130_fd_sc_hd/lib/sky130_fd_sc_hd__tt_025C_1v80.lib
Using 1e-12 for capacitance...
Using 1e+03 for resistance...
Using 1e-09 for time...
Using 1e+00 for voltage...
Using 1e-03 for current...
Using 1e-09 for power...
Using 1e-06 for distance...
Reading design constraints file at '/openlane/designs/lifo/runs/RUN_2025.08.17_11.46.36/tmp/placement/9-resizer.sdc'…
Placement Analysis
---------------------------------
total displacement          0.0 u
average displacement        0.0 u
max displacement            0.0 u
original HPWL           13781.7 u
legalized HPWL          14044.3 u
delta HPWL                    2 %

[INFO DPL-0020] Mirrored 200 instances
[INFO DPL-0021] HPWL before           14044.3 u
[INFO DPL-0022] HPWL after            13781.7 u
[INFO DPL-0023] HPWL delta               -1.9 %
Setting global connections for newly added cells…
Writing OpenROAD database to '/openlane/designs/lifo/runs/RUN_2025.08.17_11.46.36/results/placement/lifo.odb'…
Writing netlist to '/openlane/designs/lifo/runs/RUN_2025.08.17_11.46.36/results/placement/lifo.nl.v'…
Writing powered netlist to '/openlane/designs/lifo/runs/RUN_2025.08.17_11.46.36/results/placement/lifo.pnl.v'…
Writing layout to '/openlane/designs/lifo/runs/RUN_2025.08.17_11.46.36/results/placement/lifo.def'…
