
61. Printing statistics.

=== lifo ===

   Number of wires:                622
   Number of wire bits:            636
   Number of public wires:         142
   Number of public wire bits:     156
   Number of memories:               0
   Number of memory bits:            0
   Number of processes:              0
   Number of cells:                624
     sky130_fd_sc_hd__a21o_2        11
     sky130_fd_sc_hd__a21oi_2        3
     sky130_fd_sc_hd__a221o_2       16
     sky130_fd_sc_hd__a22o_2        49
     sky130_fd_sc_hd__a31o_2         3
     sky130_fd_sc_hd__and2_2         1
     sky130_fd_sc_hd__and3_2         4
     sky130_fd_sc_hd__and4_2         1
     sky130_fd_sc_hd__and4b_2        4
     sky130_fd_sc_hd__and4bb_2       5
     sky130_fd_sc_hd__buf_1        161
     sky130_fd_sc_hd__dfrtp_2       14
     sky130_fd_sc_hd__dfxtp_2      128
     sky130_fd_sc_hd__inv_2         17
     sky130_fd_sc_hd__mux2_2       136
     sky130_fd_sc_hd__nand2_2        7
     sky130_fd_sc_hd__nor2_2         7
     sky130_fd_sc_hd__nor4_2         1
     sky130_fd_sc_hd__nor4b_2        3
     sky130_fd_sc_hd__o211a_2       10
     sky130_fd_sc_hd__o21a_2         8
     sky130_fd_sc_hd__o21ai_2        1
     sky130_fd_sc_hd__or2_2         12
     sky130_fd_sc_hd__or3_2          9
     sky130_fd_sc_hd__or3b_2         1
     sky130_fd_sc_hd__or4_2         10
     sky130_fd_sc_hd__xnor2_2        1
     sky130_fd_sc_hd__xor2_2         1

   Chip area for module '\lifo': 6860.329600

